<?xml version="1.0" encoding="UTF-8"?>
<testng-results skipped="0" failed="1" ignored="0" total="87" passed="86">
  <reporter-output>
  </reporter-output>
  <suite name="EasyR_Automation_Suites" duration-ms="58295" started-at="2022-02-28T10:36:27 IST" finished-at="2022-02-28T10:37:26 IST">
    <groups>
    </groups>
    <test name="Login_Customer_Partner_Employee_APIs" duration-ms="5270" started-at="2022-02-28T10:36:27 IST" finished-at="2022-02-28T10:36:33 IST">
      <class name="All_API_List.TC002_POST_Login_Partner_Success">
        <test-method status="PASS" signature="setup()[pri:0, instance:All_API_List.TC002_POST_Login_Partner_Success@7e0b0338]" name="setup" is-config="true" duration-ms="9" started-at="2022-02-28T10:36:32 IST" finished-at="2022-02-28T10:36:32 IST">
          <reporter-output>
          </reporter-output>
        </test-method> <!-- setup -->
        <test-method status="PASS" signature="POSTLoginPartnerSuccess()[pri:0, instance:All_API_List.TC002_POST_Login_Partner_Success@7e0b0338]" name="POSTLoginPartnerSuccess" duration-ms="426" started-at="2022-02-28T10:36:32 IST" finished-at="2022-02-28T10:36:33 IST">
          <reporter-output>
          </reporter-output>
        </test-method> <!-- POSTLoginPartnerSuccess -->
      </class> <!-- All_API_List.TC002_POST_Login_Partner_Success -->
      <class name="All_API_List.TC003_POST_Login_Employee_Success">
        <test-method status="PASS" signature="setup()[pri:0, instance:All_API_List.TC003_POST_Login_Employee_Success@617faa95]" name="setup" is-config="true" duration-ms="1" started-at="2022-02-28T10:36:33 IST" finished-at="2022-02-28T10:36:33 IST">
          <reporter-output>
          </reporter-output>
        </test-method> <!-- setup -->
        <test-method status="PASS" signature="POSTLoginEmployeeSuccess()[pri:0, instance:All_API_List.TC003_POST_Login_Employee_Success@617faa95]" name="POSTLoginEmployeeSuccess" duration-ms="140" started-at="2022-02-28T10:36:33 IST" finished-at="2022-02-28T10:36:33 IST">
          <reporter-output>
          </reporter-output>
        </test-method> <!-- POSTLoginEmployeeSuccess -->
      </class> <!-- All_API_List.TC003_POST_Login_Employee_Success -->
      <class name="All_API_List.TC001_POST_Login_Customer_Success">
        <test-method status="PASS" signature="setup()[pri:0, instance:All_API_List.TC001_POST_Login_Customer_Success@6e1ec318]" name="setup" is-config="true" duration-ms="26" started-at="2022-02-28T10:36:28 IST" finished-at="2022-02-28T10:36:28 IST">
          <reporter-output>
          </reporter-output>
        </test-method> <!-- setup -->
        <test-method status="PASS" signature="POSTLoginCustomerSuccess()[pri:0, instance:All_API_List.TC001_POST_Login_Customer_Success@6e1ec318]" name="POSTLoginCustomerSuccess" duration-ms="4614" started-at="2022-02-28T10:36:28 IST" finished-at="2022-02-28T10:36:32 IST">
          <reporter-output>
          </reporter-output>
        </test-method> <!-- POSTLoginCustomerSuccess -->
      </class> <!-- All_API_List.TC001_POST_Login_Customer_Success -->
    </test> <!-- Login_Customer_Partner_Employee_APIs -->
    <test name="Simple_Order_Place_CustomerSide_Flow_APIs" duration-ms="16395" started-at="2022-02-28T10:36:33 IST" finished-at="2022-02-28T10:36:49 IST">
      <class name="All_API_List.TC011_POST_AvailableProviders">
        <test-method status="PASS" signature="setup()[pri:0, instance:All_API_List.TC011_POST_AvailableProviders@369f73a2]" name="setup" is-config="true" duration-ms="3" started-at="2022-02-28T10:36:33 IST" finished-at="2022-02-28T10:36:33 IST">
          <reporter-output>
          </reporter-output>
        </test-method> <!-- setup -->
        <test-method status="PASS" signature="POSTAvailableProviders()[pri:0, instance:All_API_List.TC011_POST_AvailableProviders@369f73a2]" name="POSTAvailableProviders" duration-ms="295" started-at="2022-02-28T10:36:33 IST" finished-at="2022-02-28T10:36:34 IST">
          <reporter-output>
          </reporter-output>
        </test-method> <!-- POSTAvailableProviders -->
      </class> <!-- All_API_List.TC011_POST_AvailableProviders -->
      <class name="All_API_List.TC004_GET_Metadata">
        <test-method status="PASS" signature="setup()[pri:0, instance:All_API_List.TC004_GET_Metadata@5a8e6209]" name="setup" is-config="true" duration-ms="2" started-at="2022-02-28T10:36:33 IST" finished-at="2022-02-28T10:36:33 IST">
          <reporter-output>
          </reporter-output>
        </test-method> <!-- setup -->
        <test-method status="PASS" signature="GETMetadata()[pri:0, instance:All_API_List.TC004_GET_Metadata@5a8e6209]" name="GETMetadata" duration-ms="403" started-at="2022-02-28T10:36:33 IST" finished-at="2022-02-28T10:36:33 IST">
          <reporter-output>
          </reporter-output>
        </test-method> <!-- GETMetadata -->
      </class> <!-- All_API_List.TC004_GET_Metadata -->
      <class name="All_API_List.TC014_POST_ChecklistAddonList">
        <test-method status="PASS" signature="setup()[pri:0, instance:All_API_List.TC014_POST_ChecklistAddonList@3a5ed7a6]" name="setup" is-config="true" duration-ms="3" started-at="2022-02-28T10:36:35 IST" finished-at="2022-02-28T10:36:35 IST">
          <reporter-output>
          </reporter-output>
        </test-method> <!-- setup -->
        <test-method status="PASS" signature="POSTChecklistAddonList()[pri:0, instance:All_API_List.TC014_POST_ChecklistAddonList@3a5ed7a6]" name="POSTChecklistAddonList" duration-ms="5839" started-at="2022-02-28T10:36:35 IST" finished-at="2022-02-28T10:36:41 IST">
          <reporter-output>
          </reporter-output>
        </test-method> <!-- POSTChecklistAddonList -->
      </class> <!-- All_API_List.TC014_POST_ChecklistAddonList -->
      <class name="All_API_List.TC018_POST_ChecklistSubmit">
        <test-method status="PASS" signature="setup()[pri:0, instance:All_API_List.TC018_POST_ChecklistSubmit@6325a3ee]" name="setup" is-config="true" duration-ms="3" started-at="2022-02-28T10:36:41 IST" finished-at="2022-02-28T10:36:41 IST">
          <reporter-output>
          </reporter-output>
        </test-method> <!-- setup -->
        <test-method status="PASS" signature="POSTChecklistSubmit()[pri:0, instance:All_API_List.TC018_POST_ChecklistSubmit@6325a3ee]" name="POSTChecklistSubmit" duration-ms="7909" started-at="2022-02-28T10:36:41 IST" finished-at="2022-02-28T10:36:49 IST">
          <reporter-output>
          </reporter-output>
        </test-method> <!-- POSTChecklistSubmit -->
      </class> <!-- All_API_List.TC018_POST_ChecklistSubmit -->
      <class name="Event_API_List.TC005_POST_ListHomeDetailsForEventOrder">
        <test-method status="PASS" signature="setup()[pri:0, instance:Event_API_List.TC005_POST_ListHomeDetailsForEventOrder@731a74c]" name="setup" is-config="true" duration-ms="2" started-at="2022-02-28T10:36:33 IST" finished-at="2022-02-28T10:36:33 IST">
          <reporter-output>
          </reporter-output>
        </test-method> <!-- setup -->
        <test-method status="PASS" signature="POSTListHomeDetailsForEventOrder()[pri:0, instance:Event_API_List.TC005_POST_ListHomeDetailsForEventOrder@731a74c]" name="POSTListHomeDetailsForEventOrder" duration-ms="57" started-at="2022-02-28T10:36:33 IST" finished-at="2022-02-28T10:36:33 IST">
          <reporter-output>
          </reporter-output>
        </test-method> <!-- POSTListHomeDetailsForEventOrder -->
      </class> <!-- Event_API_List.TC005_POST_ListHomeDetailsForEventOrder -->
      <class name="All_API_List.TC012_GET_HomeDetailsKeys">
        <test-method status="PASS" signature="setup()[pri:0, instance:All_API_List.TC012_GET_HomeDetailsKeys@7d907bac]" name="setup" is-config="true" duration-ms="5" started-at="2022-02-28T10:36:34 IST" finished-at="2022-02-28T10:36:34 IST">
          <reporter-output>
          </reporter-output>
        </test-method> <!-- setup -->
        <test-method status="PASS" signature="GETHomeDetailsKeys()[pri:0, instance:All_API_List.TC012_GET_HomeDetailsKeys@7d907bac]" name="GETHomeDetailsKeys" duration-ms="1040" started-at="2022-02-28T10:36:34 IST" finished-at="2022-02-28T10:36:35 IST">
          <reporter-output>
          </reporter-output>
        </test-method> <!-- GETHomeDetailsKeys -->
      </class> <!-- All_API_List.TC012_GET_HomeDetailsKeys -->
      <class name="All_API_List.TC013_POST_ServiceRequest">
        <test-method status="PASS" signature="setup()[pri:0, instance:All_API_List.TC013_POST_ServiceRequest@7791a895]" name="setup" is-config="true" duration-ms="4" started-at="2022-02-28T10:36:35 IST" finished-at="2022-02-28T10:36:35 IST">
          <reporter-output>
          </reporter-output>
        </test-method> <!-- setup -->
        <test-method status="PASS" signature="POSTServiceRequest()[pri:0, instance:All_API_List.TC013_POST_ServiceRequest@7791a895]" name="POSTServiceRequest" duration-ms="655" started-at="2022-02-28T10:36:35 IST" finished-at="2022-02-28T10:36:35 IST">
          <reporter-output>
          </reporter-output>
        </test-method> <!-- POSTServiceRequest -->
      </class> <!-- All_API_List.TC013_POST_ServiceRequest -->
      <class name="Event_API_List.TC004_POST_GetHomeDetailsForEventOrder">
        <test-method status="PASS" signature="setup()[pri:0, instance:Event_API_List.TC004_POST_GetHomeDetailsForEventOrder@1f28c152]" name="setup" is-config="true" duration-ms="4" started-at="2022-02-28T10:36:34 IST" finished-at="2022-02-28T10:36:34 IST">
          <reporter-output>
          </reporter-output>
        </test-method> <!-- setup -->
        <test-method status="PASS" signature="POSTGetHomeDetailsForEventOrder()[pri:0, instance:Event_API_List.TC004_POST_GetHomeDetailsForEventOrder@1f28c152]" name="POSTGetHomeDetailsForEventOrder" duration-ms="80" started-at="2022-02-28T10:36:34 IST" finished-at="2022-02-28T10:36:34 IST">
          <reporter-output>
          </reporter-output>
        </test-method> <!-- POSTGetHomeDetailsForEventOrder -->
      </class> <!-- Event_API_List.TC004_POST_GetHomeDetailsForEventOrder -->
      <class name="All_API_List.TC009_GET_NotificationCount">
        <test-method status="PASS" signature="setup()[pri:0, instance:All_API_List.TC009_GET_NotificationCount@4b4523f8]" name="setup" is-config="true" duration-ms="5" started-at="2022-02-28T10:36:33 IST" finished-at="2022-02-28T10:36:33 IST">
          <reporter-output>
          </reporter-output>
        </test-method> <!-- setup -->
        <test-method status="PASS" signature="GETNotificationCount()[pri:0, instance:All_API_List.TC009_GET_NotificationCount@4b4523f8]" name="GETNotificationCount" duration-ms="62" started-at="2022-02-28T10:36:33 IST" finished-at="2022-02-28T10:36:33 IST">
          <reporter-output>
          </reporter-output>
        </test-method> <!-- GETNotificationCount -->
      </class> <!-- All_API_List.TC009_GET_NotificationCount -->
    </test> <!-- Simple_Order_Place_CustomerSide_Flow_APIs -->
    <test name="Simple_Order_Accept_PartnerSide_Flow_APIs" duration-ms="2556" started-at="2022-02-28T10:36:49 IST" finished-at="2022-02-28T10:36:52 IST">
      <class name="All_API_List.TC024_POST_JobDetails_PartnerSide">
        <test-method status="PASS" signature="setup()[pri:0, instance:All_API_List.TC024_POST_JobDetails_PartnerSide@610694f1]" name="setup" is-config="true" duration-ms="4" started-at="2022-02-28T10:36:51 IST" finished-at="2022-02-28T10:36:51 IST">
          <reporter-output>
          </reporter-output>
        </test-method> <!-- setup -->
        <test-method status="PASS" signature="POSTJobDetailsPartnerSide()[pri:0, instance:All_API_List.TC024_POST_JobDetails_PartnerSide@610694f1]" name="POSTJobDetailsPartnerSide" duration-ms="181" started-at="2022-02-28T10:36:51 IST" finished-at="2022-02-28T10:36:52 IST">
          <reporter-output>
          </reporter-output>
        </test-method> <!-- POSTJobDetailsPartnerSide -->
      </class> <!-- All_API_List.TC024_POST_JobDetails_PartnerSide -->
      <class name="All_API_List.TC027_POST_ProviderAcceptOrder">
        <test-method status="PASS" signature="setup()[pri:0, instance:All_API_List.TC027_POST_ProviderAcceptOrder@43814d18]" name="setup" is-config="true" duration-ms="2" started-at="2022-02-28T10:36:52 IST" finished-at="2022-02-28T10:36:52 IST">
          <reporter-output>
          </reporter-output>
        </test-method> <!-- setup -->
        <test-method status="PASS" signature="POSTProviderAcceptOrder()[pri:0, instance:All_API_List.TC027_POST_ProviderAcceptOrder@43814d18]" name="POSTProviderAcceptOrder" duration-ms="136" started-at="2022-02-28T10:36:52 IST" finished-at="2022-02-28T10:36:52 IST">
          <reporter-output>
          </reporter-output>
        </test-method> <!-- POSTProviderAcceptOrder -->
      </class> <!-- All_API_List.TC027_POST_ProviderAcceptOrder -->
      <class name="Custom_Addon.TC004_POST_GetCustomAddonDetails_ManagerSide">
        <test-method status="PASS" signature="setup()[pri:0, instance:Custom_Addon.TC004_POST_GetCustomAddonDetails_ManagerSide@5ae63ade]" name="setup" is-config="true" duration-ms="1" started-at="2022-02-28T10:36:51 IST" finished-at="2022-02-28T10:36:51 IST">
          <reporter-output>
          </reporter-output>
        </test-method> <!-- setup -->
        <test-method status="PASS" signature="POSTGetCustomAddonDetails_ManagerSide()[pri:0, instance:Custom_Addon.TC004_POST_GetCustomAddonDetails_ManagerSide@5ae63ade]" name="POSTGetCustomAddonDetails_ManagerSide" duration-ms="251" started-at="2022-02-28T10:36:51 IST" finished-at="2022-02-28T10:36:51 IST">
          <reporter-output>
          </reporter-output>
        </test-method> <!-- POSTGetCustomAddonDetails_ManagerSide -->
      </class> <!-- Custom_Addon.TC004_POST_GetCustomAddonDetails_ManagerSide -->
      <class name="All_API_List.TC004_GET_Metadata">
        <test-method status="PASS" signature="setup()[pri:0, instance:All_API_List.TC004_GET_Metadata@5bc79255]" name="setup" is-config="true" duration-ms="3" started-at="2022-02-28T10:36:49 IST" finished-at="2022-02-28T10:36:49 IST">
          <reporter-output>
          </reporter-output>
        </test-method> <!-- setup -->
        <test-method status="PASS" signature="GETMetadata()[pri:0, instance:All_API_List.TC004_GET_Metadata@5bc79255]" name="GETMetadata" duration-ms="437" started-at="2022-02-28T10:36:49 IST" finished-at="2022-02-28T10:36:50 IST">
          <reporter-output>
          </reporter-output>
        </test-method> <!-- GETMetadata -->
      </class> <!-- All_API_List.TC004_GET_Metadata -->
      <class name="All_API_List.TC025_POST_OrderHistory_PartnerSide">
        <test-method status="PASS" signature="setup()[pri:0, instance:All_API_List.TC025_POST_OrderHistory_PartnerSide@3dd4520b]" name="setup" is-config="true" duration-ms="2" started-at="2022-02-28T10:36:51 IST" finished-at="2022-02-28T10:36:51 IST">
          <reporter-output>
          </reporter-output>
        </test-method> <!-- setup -->
        <test-method status="PASS" signature="POSTOrderHistoryPartnerSide()[pri:0, instance:All_API_List.TC025_POST_OrderHistory_PartnerSide@3dd4520b]" name="POSTOrderHistoryPartnerSide" duration-ms="498" started-at="2022-02-28T10:36:51 IST" finished-at="2022-02-28T10:36:51 IST">
          <reporter-output>
          </reporter-output>
        </test-method> <!-- POSTOrderHistoryPartnerSide -->
      </class> <!-- All_API_List.TC025_POST_OrderHistory_PartnerSide -->
      <class name="All_API_List.TC023_POST_OrderDetails_PartnerSide">
        <test-method status="PASS" signature="setup()[pri:0, instance:All_API_List.TC023_POST_OrderDetails_PartnerSide@23e028a9]" name="setup" is-config="true" duration-ms="1" started-at="2022-02-28T10:36:50 IST" finished-at="2022-02-28T10:36:50 IST">
          <reporter-output>
          </reporter-output>
        </test-method> <!-- setup -->
        <test-method status="PASS" signature="POSTOrderDetails_PartnerSide()[pri:0, instance:All_API_List.TC023_POST_OrderDetails_PartnerSide@23e028a9]" name="POSTOrderDetails_PartnerSide" duration-ms="962" started-at="2022-02-28T10:36:50 IST" finished-at="2022-02-28T10:36:51 IST">
          <reporter-output>
          </reporter-output>
        </test-method> <!-- POSTOrderDetails_PartnerSide -->
      </class> <!-- All_API_List.TC023_POST_OrderDetails_PartnerSide -->
      <class name="All_API_List.TC022_POST_OrderList_PartnerSide">
        <test-method status="PASS" signature="setup()[pri:0, instance:All_API_List.TC022_POST_OrderList_PartnerSide@47ef968d]" name="setup" is-config="true" duration-ms="1" started-at="2022-02-28T10:36:50 IST" finished-at="2022-02-28T10:36:50 IST">
          <reporter-output>
          </reporter-output>
        </test-method> <!-- setup -->
        <test-method status="PASS" signature="POSTOrderListPartnerSide()[pri:0, instance:All_API_List.TC022_POST_OrderList_PartnerSide@47ef968d]" name="POSTOrderListPartnerSide" duration-ms="66" started-at="2022-02-28T10:36:50 IST" finished-at="2022-02-28T10:36:50 IST">
          <reporter-output>
          </reporter-output>
        </test-method> <!-- POSTOrderListPartnerSide -->
      </class> <!-- All_API_List.TC022_POST_OrderList_PartnerSide -->
    </test> <!-- Simple_Order_Accept_PartnerSide_Flow_APIs -->
    <test name="Simple_Order_Payment_CustomerSide_Flow_APIs" duration-ms="4304" started-at="2022-02-28T10:36:52 IST" finished-at="2022-02-28T10:36:56 IST">
      <class name="All_API_List.TC052_POST_GeneratePaymentLink">
        <test-method status="PASS" signature="setup()[pri:0, instance:All_API_List.TC052_POST_GeneratePaymentLink@cd2dae5]" name="setup" is-config="true" duration-ms="2" started-at="2022-02-28T10:36:54 IST" finished-at="2022-02-28T10:36:54 IST">
          <reporter-output>
          </reporter-output>
        </test-method> <!-- setup -->
        <test-method status="FAIL" signature="POSTGeneratePaymentLink()[pri:0, instance:All_API_List.TC052_POST_GeneratePaymentLink@cd2dae5]" name="POSTGeneratePaymentLink" duration-ms="2505" started-at="2022-02-28T10:36:54 IST" finished-at="2022-02-28T10:36:56 IST">
          <exception class="java.lang.AssertionError">
            <message>
              <![CDATA[expected [200] but found [400]]]>
            </message>
            <full-stacktrace>
              <![CDATA[java.lang.AssertionError: expected [200] but found [400]
at org.testng.Assert.fail(Assert.java:99)
at org.testng.Assert.failNotEquals(Assert.java:1037)
at org.testng.Assert.assertEqualsImpl(Assert.java:140)
at org.testng.Assert.assertEquals(Assert.java:122)
at org.testng.Assert.assertEquals(Assert.java:907)
at org.testng.Assert.assertEquals(Assert.java:917)
at All_API_List.TC052_POST_GeneratePaymentLink.POSTGeneratePaymentLink(TC052_POST_GeneratePaymentLink.java:47)
at sun.reflect.NativeMethodAccessorImpl.invoke0(Native Method)
at sun.reflect.NativeMethodAccessorImpl.invoke(NativeMethodAccessorImpl.java:62)
at sun.reflect.DelegatingMethodAccessorImpl.invoke(DelegatingMethodAccessorImpl.java:43)
at java.lang.reflect.Method.invoke(Method.java:498)
at org.testng.internal.MethodInvocationHelper.invokeMethod(MethodInvocationHelper.java:132)
at org.testng.internal.TestInvoker.invokeMethod(TestInvoker.java:599)
at org.testng.internal.TestInvoker.invokeTestMethod(TestInvoker.java:174)
at org.testng.internal.MethodRunner.runInSequence(MethodRunner.java:46)
at org.testng.internal.TestInvoker$MethodInvocationAgent.invoke(TestInvoker.java:822)
at org.testng.internal.TestInvoker.invokeTestMethods(TestInvoker.java:147)
at org.testng.internal.TestMethodWorker.invokeTestMethods(TestMethodWorker.java:146)
at org.testng.internal.TestMethodWorker.run(TestMethodWorker.java:128)
at java.util.ArrayList.forEach(ArrayList.java:1259)
at org.testng.TestRunner.privateRun(TestRunner.java:764)
at org.testng.TestRunner.run(TestRunner.java:585)
at org.testng.SuiteRunner.runTest(SuiteRunner.java:384)
at org.testng.SuiteRunner.runSequentially(SuiteRunner.java:378)
at org.testng.SuiteRunner.privateRun(SuiteRunner.java:337)
at org.testng.SuiteRunner.run(SuiteRunner.java:286)
at org.testng.SuiteRunnerWorker.runSuite(SuiteRunnerWorker.java:53)
at org.testng.SuiteRunnerWorker.run(SuiteRunnerWorker.java:96)
at org.testng.TestNG.runSuitesSequentially(TestNG.java:1218)
at org.testng.TestNG.runSuitesLocally(TestNG.java:1140)
at org.testng.TestNG.runSuites(TestNG.java:1069)
at org.testng.TestNG.run(TestNG.java:1037)
at com.intellij.rt.testng.IDEARemoteTestNG.run(IDEARemoteTestNG.java:66)
at com.intellij.rt.testng.RemoteTestNGStarter.main(RemoteTestNGStarter.java:109)
]]>
            </full-stacktrace>
          </exception> <!-- java.lang.AssertionError -->
          <reporter-output>
          </reporter-output>
        </test-method> <!-- POSTGeneratePaymentLink -->
      </class> <!-- All_API_List.TC052_POST_GeneratePaymentLink -->
      <class name="All_API_List.TC025_POST_OrderHistory_CustomerSide">
        <test-method status="PASS" signature="setup()[pri:0, instance:All_API_List.TC025_POST_OrderHistory_CustomerSide@32709393]" name="setup" is-config="true" duration-ms="3" started-at="2022-02-28T10:36:52 IST" finished-at="2022-02-28T10:36:52 IST">
          <reporter-output>
          </reporter-output>
        </test-method> <!-- setup -->
        <test-method status="PASS" signature="POSTOrderHistoryCustomerSide()[pri:0, instance:All_API_List.TC025_POST_OrderHistory_CustomerSide@32709393]" name="POSTOrderHistoryCustomerSide" duration-ms="73" started-at="2022-02-28T10:36:52 IST" finished-at="2022-02-28T10:36:52 IST">
          <reporter-output>
          </reporter-output>
        </test-method> <!-- POSTOrderHistoryCustomerSide -->
      </class> <!-- All_API_List.TC025_POST_OrderHistory_CustomerSide -->
      <class name="All_API_List.TC023_POST_OrderDetails_CustomerSide">
        <test-method status="PASS" signature="setup()[pri:0, instance:All_API_List.TC023_POST_OrderDetails_CustomerSide@3cef309d]" name="setup" is-config="true" duration-ms="1" started-at="2022-02-28T10:36:52 IST" finished-at="2022-02-28T10:36:52 IST">
          <reporter-output>
          </reporter-output>
        </test-method> <!-- setup -->
        <test-method status="PASS" signature="POSTOrderDetailsCustomerSide()[pri:0, instance:All_API_List.TC023_POST_OrderDetails_CustomerSide@3cef309d]" name="POSTOrderDetailsCustomerSide" duration-ms="149" started-at="2022-02-28T10:36:52 IST" finished-at="2022-02-28T10:36:52 IST">
          <reporter-output>
          </reporter-output>
        </test-method> <!-- POSTOrderDetailsCustomerSide -->
      </class> <!-- All_API_List.TC023_POST_OrderDetails_CustomerSide -->
      <class name="All_API_List.TC024_POST_JobDetails_CustomerSide">
        <test-method status="PASS" signature="setup()[pri:0, instance:All_API_List.TC024_POST_JobDetails_CustomerSide@49fc609f]" name="setup" is-config="true" duration-ms="4" started-at="2022-02-28T10:36:53 IST" finished-at="2022-02-28T10:36:53 IST">
          <reporter-output>
          </reporter-output>
        </test-method> <!-- setup -->
        <test-method status="PASS" signature="POSTJobDetailsCustomerSide()[pri:0, instance:All_API_List.TC024_POST_JobDetails_CustomerSide@49fc609f]" name="POSTJobDetailsCustomerSide" duration-ms="179" started-at="2022-02-28T10:36:53 IST" finished-at="2022-02-28T10:36:54 IST">
          <reporter-output>
          </reporter-output>
        </test-method> <!-- POSTJobDetailsCustomerSide -->
      </class> <!-- All_API_List.TC024_POST_JobDetails_CustomerSide -->
      <class name="All_API_List.TC022_POST_OrderList_CustomerSide">
        <test-method status="PASS" signature="setup()[pri:0, instance:All_API_List.TC022_POST_OrderList_CustomerSide@50b494a6]" name="setup" is-config="true" duration-ms="8" started-at="2022-02-28T10:36:52 IST" finished-at="2022-02-28T10:36:52 IST">
          <reporter-output>
          </reporter-output>
        </test-method> <!-- setup -->
        <test-method status="PASS" signature="POSTOrderListCustomerSide()[pri:0, instance:All_API_List.TC022_POST_OrderList_CustomerSide@50b494a6]" name="POSTOrderListCustomerSide" duration-ms="75" started-at="2022-02-28T10:36:52 IST" finished-at="2022-02-28T10:36:52 IST">
          <reporter-output>
          </reporter-output>
        </test-method> <!-- POSTOrderListCustomerSide -->
      </class> <!-- All_API_List.TC022_POST_OrderList_CustomerSide -->
      <class name="All_API_List.TC026_POST_ProvidersListAcceptedOrder">
        <test-method status="PASS" signature="setup()[pri:0, instance:All_API_List.TC026_POST_ProvidersListAcceptedOrder@3d99d22e]" name="setup" is-config="true" duration-ms="2" started-at="2022-02-28T10:36:52 IST" finished-at="2022-02-28T10:36:52 IST">
          <reporter-output>
          </reporter-output>
        </test-method> <!-- setup -->
        <test-method status="PASS" signature="POSTProvidersListAcceptedOrder()[pri:0, instance:All_API_List.TC026_POST_ProvidersListAcceptedOrder@3d99d22e]" name="POSTProvidersListAcceptedOrder" duration-ms="1206" started-at="2022-02-28T10:36:52 IST" finished-at="2022-02-28T10:36:53 IST">
          <reporter-output>
          </reporter-output>
        </test-method> <!-- POSTProvidersListAcceptedOrder -->
      </class> <!-- All_API_List.TC026_POST_ProvidersListAcceptedOrder -->
      <class name="All_API_List.TC009_GET_NotificationCount">
        <test-method status="PASS" signature="setup()[pri:0, instance:All_API_List.TC009_GET_NotificationCount@6e6c3152]" name="setup" is-config="true" duration-ms="1" started-at="2022-02-28T10:36:52 IST" finished-at="2022-02-28T10:36:52 IST">
          <reporter-output>
          </reporter-output>
        </test-method> <!-- setup -->
        <test-method status="PASS" signature="GETNotificationCount()[pri:0, instance:All_API_List.TC009_GET_NotificationCount@6e6c3152]" name="GETNotificationCount" duration-ms="68" started-at="2022-02-28T10:36:52 IST" finished-at="2022-02-28T10:36:52 IST">
          <reporter-output>
          </reporter-output>
        </test-method> <!-- GETNotificationCount -->
      </class> <!-- All_API_List.TC009_GET_NotificationCount -->
    </test> <!-- Simple_Order_Payment_CustomerSide_Flow_APIs -->
    <test name="Assign_Employee_CustomerSide_Flow_APIs" duration-ms="733" started-at="2022-02-28T10:36:56 IST" finished-at="2022-02-28T10:36:57 IST">
      <class name="All_API_List.TC029_POST_AssignOrder">
        <test-method status="PASS" signature="setup()[pri:0, instance:All_API_List.TC029_POST_AssignOrder@3b084709]" name="setup" is-config="true" duration-ms="3" started-at="2022-02-28T10:36:56 IST" finished-at="2022-02-28T10:36:56 IST">
          <reporter-output>
          </reporter-output>
        </test-method> <!-- setup -->
        <test-method status="PASS" signature="POSTAssignOrder()[pri:0, instance:All_API_List.TC029_POST_AssignOrder@3b084709]" name="POSTAssignOrder" duration-ms="727" started-at="2022-02-28T10:36:56 IST" finished-at="2022-02-28T10:36:57 IST">
          <reporter-output>
          </reporter-output>
        </test-method> <!-- POSTAssignOrder -->
      </class> <!-- All_API_List.TC029_POST_AssignOrder -->
    </test> <!-- Assign_Employee_CustomerSide_Flow_APIs -->
    <test name="Add_Extra_Services_Addon_CustomerSide_Flow_APIs" duration-ms="5397" started-at="2022-02-28T10:36:57 IST" finished-at="2022-02-28T10:37:02 IST">
      <class name="All_API_List.TC025_POST_OrderHistory_CustomerSide">
        <test-method status="PASS" signature="setup()[pri:0, instance:All_API_List.TC025_POST_OrderHistory_CustomerSide@7494e528]" name="setup" is-config="true" duration-ms="3" started-at="2022-02-28T10:36:57 IST" finished-at="2022-02-28T10:36:57 IST">
          <reporter-output>
          </reporter-output>
        </test-method> <!-- setup -->
        <test-method status="PASS" signature="POSTOrderHistoryCustomerSide()[pri:0, instance:All_API_List.TC025_POST_OrderHistory_CustomerSide@7494e528]" name="POSTOrderHistoryCustomerSide" duration-ms="98" started-at="2022-02-28T10:36:57 IST" finished-at="2022-02-28T10:36:57 IST">
          <reporter-output>
          </reporter-output>
        </test-method> <!-- POSTOrderHistoryCustomerSide -->
      </class> <!-- All_API_List.TC025_POST_OrderHistory_CustomerSide -->
      <class name="All_API_List.TC056_POST_GetHomeDetails">
        <test-method status="PASS" signature="setup()[pri:0, instance:All_API_List.TC056_POST_GetHomeDetails@7c29daf3]" name="setup" is-config="true" duration-ms="1" started-at="2022-02-28T10:36:57 IST" finished-at="2022-02-28T10:36:57 IST">
          <reporter-output>
          </reporter-output>
        </test-method> <!-- setup -->
        <test-method status="PASS" signature="POSTGetHomeDetails()[pri:0, instance:All_API_List.TC056_POST_GetHomeDetails@7c29daf3]" name="POSTGetHomeDetails" duration-ms="39" started-at="2022-02-28T10:36:57 IST" finished-at="2022-02-28T10:36:57 IST">
          <reporter-output>
          </reporter-output>
        </test-method> <!-- POSTGetHomeDetails -->
      </class> <!-- All_API_List.TC056_POST_GetHomeDetails -->
      <class name="All_API_List.TC023_POST_OrderDetails_CustomerSide">
        <test-method status="PASS" signature="setup()[pri:0, instance:All_API_List.TC023_POST_OrderDetails_CustomerSide@30b8a058]" name="setup" is-config="true" duration-ms="8" started-at="2022-02-28T10:36:57 IST" finished-at="2022-02-28T10:36:57 IST">
          <reporter-output>
          </reporter-output>
        </test-method> <!-- setup -->
        <test-method status="PASS" signature="POSTOrderDetailsCustomerSide()[pri:0, instance:All_API_List.TC023_POST_OrderDetails_CustomerSide@30b8a058]" name="POSTOrderDetailsCustomerSide" duration-ms="144" started-at="2022-02-28T10:36:57 IST" finished-at="2022-02-28T10:36:57 IST">
          <reporter-output>
          </reporter-output>
        </test-method> <!-- POSTOrderDetailsCustomerSide -->
      </class> <!-- All_API_List.TC023_POST_OrderDetails_CustomerSide -->
      <class name="All_API_List.TC014_POST_ChecklistAddonList">
        <test-method status="PASS" signature="setup()[pri:0, instance:All_API_List.TC014_POST_ChecklistAddonList@9660f4e]" name="setup" is-config="true" duration-ms="1" started-at="2022-02-28T10:36:57 IST" finished-at="2022-02-28T10:36:57 IST">
          <reporter-output>
          </reporter-output>
        </test-method> <!-- setup -->
        <test-method status="PASS" signature="POSTChecklistAddonList()[pri:0, instance:All_API_List.TC014_POST_ChecklistAddonList@9660f4e]" name="POSTChecklistAddonList" duration-ms="4694" started-at="2022-02-28T10:36:57 IST" finished-at="2022-02-28T10:37:02 IST">
          <reporter-output>
          </reporter-output>
        </test-method> <!-- POSTChecklistAddonList -->
      </class> <!-- All_API_List.TC014_POST_ChecklistAddonList -->
      <class name="All_API_List.TC024_POST_JobDetails_CustomerSide">
        <test-method status="PASS" signature="setup()[pri:0, instance:All_API_List.TC024_POST_JobDetails_CustomerSide@4bbfb90a]" name="setup" is-config="true" duration-ms="1" started-at="2022-02-28T10:36:57 IST" finished-at="2022-02-28T10:36:57 IST">
          <reporter-output>
          </reporter-output>
        </test-method> <!-- setup -->
        <test-method status="PASS" signature="POSTJobDetailsCustomerSide()[pri:0, instance:All_API_List.TC024_POST_JobDetails_CustomerSide@4bbfb90a]" name="POSTJobDetailsCustomerSide" duration-ms="152" started-at="2022-02-28T10:36:57 IST" finished-at="2022-02-28T10:36:57 IST">
          <reporter-output>
          </reporter-output>
        </test-method> <!-- POSTJobDetailsCustomerSide -->
      </class> <!-- All_API_List.TC024_POST_JobDetails_CustomerSide -->
      <class name="All_API_List.TC032_POST_NewAddonRequest">
        <test-method status="PASS" signature="setup()[pri:0, instance:All_API_List.TC032_POST_NewAddonRequest@5a8806ef]" name="setup" is-config="true" duration-ms="3" started-at="2022-02-28T10:37:02 IST" finished-at="2022-02-28T10:37:02 IST">
          <reporter-output>
          </reporter-output>
        </test-method> <!-- setup -->
        <test-method status="PASS" signature="POSTNewAddonRequest()[pri:0, instance:All_API_List.TC032_POST_NewAddonRequest@5a8806ef]" name="POSTNewAddonRequest" duration-ms="245" started-at="2022-02-28T10:37:02 IST" finished-at="2022-02-28T10:37:02 IST">
          <reporter-output>
          </reporter-output>
        </test-method> <!-- POSTNewAddonRequest -->
      </class> <!-- All_API_List.TC032_POST_NewAddonRequest -->
    </test> <!-- Add_Extra_Services_Addon_CustomerSide_Flow_APIs -->
    <test name="Accept_Add_Extra_Services_Addon_PartnerSide_Flow_APIs" duration-ms="988" started-at="2022-02-28T10:37:02 IST" finished-at="2022-02-28T10:37:03 IST">
      <class name="All_API_List.TC024_POST_JobDetails_PartnerSide">
        <test-method status="PASS" signature="setup()[pri:0, instance:All_API_List.TC024_POST_JobDetails_PartnerSide@694e1548]" name="setup" is-config="true" duration-ms="2" started-at="2022-02-28T10:37:03 IST" finished-at="2022-02-28T10:37:03 IST">
          <reporter-output>
          </reporter-output>
        </test-method> <!-- setup -->
        <test-method status="PASS" signature="POSTJobDetailsPartnerSide()[pri:0, instance:All_API_List.TC024_POST_JobDetails_PartnerSide@694e1548]" name="POSTJobDetailsPartnerSide" duration-ms="149" started-at="2022-02-28T10:37:03 IST" finished-at="2022-02-28T10:37:03 IST">
          <reporter-output>
          </reporter-output>
        </test-method> <!-- POSTJobDetailsPartnerSide -->
      </class> <!-- All_API_List.TC024_POST_JobDetails_PartnerSide -->
      <class name="All_API_List.TC034_POST_NewAddonRequestAccept">
        <test-method status="PASS" signature="setup()[pri:0, instance:All_API_List.TC034_POST_NewAddonRequestAccept@71bbf57e]" name="setup" is-config="true" duration-ms="2" started-at="2022-02-28T10:37:03 IST" finished-at="2022-02-28T10:37:03 IST">
          <reporter-output>
          </reporter-output>
        </test-method> <!-- setup -->
        <test-method status="PASS" signature="POSTNewAddonRequestAccept()[pri:0, instance:All_API_List.TC034_POST_NewAddonRequestAccept@71bbf57e]" name="POSTNewAddonRequestAccept" duration-ms="95" started-at="2022-02-28T10:37:03 IST" finished-at="2022-02-28T10:37:03 IST">
          <reporter-output>
          </reporter-output>
        </test-method> <!-- POSTNewAddonRequestAccept -->
      </class> <!-- All_API_List.TC034_POST_NewAddonRequestAccept -->
      <class name="All_API_List.TC025_POST_OrderHistory_CustomerSide">
        <test-method status="PASS" signature="setup()[pri:0, instance:All_API_List.TC025_POST_OrderHistory_CustomerSide@26aa12dd]" name="setup" is-config="true" duration-ms="3" started-at="2022-02-28T10:37:03 IST" finished-at="2022-02-28T10:37:03 IST">
          <reporter-output>
          </reporter-output>
        </test-method> <!-- setup -->
        <test-method status="PASS" signature="POSTOrderHistoryCustomerSide()[pri:0, instance:All_API_List.TC025_POST_OrderHistory_CustomerSide@26aa12dd]" name="POSTOrderHistoryCustomerSide" duration-ms="86" started-at="2022-02-28T10:37:03 IST" finished-at="2022-02-28T10:37:03 IST">
          <reporter-output>
          </reporter-output>
        </test-method> <!-- POSTOrderHistoryCustomerSide -->
      </class> <!-- All_API_List.TC025_POST_OrderHistory_CustomerSide -->
      <class name="All_API_List.TC023_POST_OrderDetails_CustomerSide">
        <test-method status="PASS" signature="setup()[pri:0, instance:All_API_List.TC023_POST_OrderDetails_CustomerSide@131276c2]" name="setup" is-config="true" duration-ms="5" started-at="2022-02-28T10:37:03 IST" finished-at="2022-02-28T10:37:03 IST">
          <reporter-output>
          </reporter-output>
        </test-method> <!-- setup -->
        <test-method status="PASS" signature="POSTOrderDetailsCustomerSide()[pri:0, instance:All_API_List.TC023_POST_OrderDetails_CustomerSide@131276c2]" name="POSTOrderDetailsCustomerSide" duration-ms="102" started-at="2022-02-28T10:37:03 IST" finished-at="2022-02-28T10:37:03 IST">
          <reporter-output>
          </reporter-output>
        </test-method> <!-- POSTOrderDetailsCustomerSide -->
      </class> <!-- All_API_List.TC023_POST_OrderDetails_CustomerSide -->
      <class name="All_API_List.TC057_POST_ListEmployeeNames">
        <test-method status="PASS" signature="setup()[pri:0, instance:All_API_List.TC057_POST_ListEmployeeNames@1c3a4799]" name="setup" is-config="true" duration-ms="2" started-at="2022-02-28T10:37:03 IST" finished-at="2022-02-28T10:37:03 IST">
          <reporter-output>
          </reporter-output>
        </test-method> <!-- setup -->
        <test-method status="PASS" signature="POSTOListEmployeeNames()[pri:0, instance:All_API_List.TC057_POST_ListEmployeeNames@1c3a4799]" name="POSTOListEmployeeNames" duration-ms="84" started-at="2022-02-28T10:37:03 IST" finished-at="2022-02-28T10:37:03 IST">
          <reporter-output>
          </reporter-output>
        </test-method> <!-- POSTOListEmployeeNames -->
      </class> <!-- All_API_List.TC057_POST_ListEmployeeNames -->
      <class name="All_API_List.TC025_POST_OrderHistory_PartnerSide">
        <test-method status="PASS" signature="setup()[pri:0, instance:All_API_List.TC025_POST_OrderHistory_PartnerSide@1f554b06]" name="setup" is-config="true" duration-ms="2" started-at="2022-02-28T10:37:02 IST" finished-at="2022-02-28T10:37:02 IST">
          <reporter-output>
          </reporter-output>
        </test-method> <!-- setup -->
        <test-method status="PASS" signature="POSTOrderHistoryPartnerSide()[pri:0, instance:All_API_List.TC025_POST_OrderHistory_PartnerSide@1f554b06]" name="POSTOrderHistoryPartnerSide" duration-ms="92" started-at="2022-02-28T10:37:02 IST" finished-at="2022-02-28T10:37:03 IST">
          <reporter-output>
          </reporter-output>
        </test-method> <!-- POSTOrderHistoryPartnerSide -->
      </class> <!-- All_API_List.TC025_POST_OrderHistory_PartnerSide -->
      <class name="All_API_List.TC024_POST_JobDetails_CustomerSide">
        <test-method status="PASS" signature="setup()[pri:0, instance:All_API_List.TC024_POST_JobDetails_CustomerSide@3fd7a715]" name="setup" is-config="true" duration-ms="1" started-at="2022-02-28T10:37:03 IST" finished-at="2022-02-28T10:37:03 IST">
          <reporter-output>
          </reporter-output>
        </test-method> <!-- setup -->
        <test-method status="PASS" signature="POSTJobDetailsCustomerSide()[pri:0, instance:All_API_List.TC024_POST_JobDetails_CustomerSide@3fd7a715]" name="POSTJobDetailsCustomerSide" duration-ms="159" started-at="2022-02-28T10:37:03 IST" finished-at="2022-02-28T10:37:03 IST">
          <reporter-output>
          </reporter-output>
        </test-method> <!-- POSTJobDetailsCustomerSide -->
      </class> <!-- All_API_List.TC024_POST_JobDetails_CustomerSide -->
      <class name="All_API_List.TC023_POST_OrderDetails_PartnerSide">
        <test-method status="PASS" signature="setup()[pri:0, instance:All_API_List.TC023_POST_OrderDetails_PartnerSide@614ddd49]" name="setup" is-config="true" duration-ms="2" started-at="2022-02-28T10:37:02 IST" finished-at="2022-02-28T10:37:02 IST">
          <reporter-output>
          </reporter-output>
        </test-method> <!-- setup -->
        <test-method status="PASS" signature="POSTOrderDetails_PartnerSide()[pri:0, instance:All_API_List.TC023_POST_OrderDetails_PartnerSide@614ddd49]" name="POSTOrderDetails_PartnerSide" duration-ms="69" started-at="2022-02-28T10:37:02 IST" finished-at="2022-02-28T10:37:02 IST">
          <reporter-output>
          </reporter-output>
        </test-method> <!-- POSTOrderDetails_PartnerSide -->
      </class> <!-- All_API_List.TC023_POST_OrderDetails_PartnerSide -->
      <class name="All_API_List.TC033_POST_NewAddonRequestView">
        <test-method status="PASS" signature="setup()[pri:0, instance:All_API_List.TC033_POST_NewAddonRequestView@711f39f9]" name="setup" is-config="true" duration-ms="1" started-at="2022-02-28T10:37:03 IST" finished-at="2022-02-28T10:37:03 IST">
          <reporter-output>
          </reporter-output>
        </test-method> <!-- setup -->
        <test-method status="PASS" signature="POSTNewAddonRequestView()[pri:0, instance:All_API_List.TC033_POST_NewAddonRequestView@711f39f9]" name="POSTNewAddonRequestView" duration-ms="46" started-at="2022-02-28T10:37:03 IST" finished-at="2022-02-28T10:37:03 IST">
          <reporter-output>
          </reporter-output>
        </test-method> <!-- POSTNewAddonRequestView -->
      </class> <!-- All_API_List.TC033_POST_NewAddonRequestView -->
      <class name="All_API_List.TC022_POST_OrderList_PartnerSide">
        <test-method status="PASS" signature="setup()[pri:0, instance:All_API_List.TC022_POST_OrderList_PartnerSide@76707e36]" name="setup" is-config="true" duration-ms="3" started-at="2022-02-28T10:37:02 IST" finished-at="2022-02-28T10:37:02 IST">
          <reporter-output>
          </reporter-output>
        </test-method> <!-- setup -->
        <test-method status="PASS" signature="POSTOrderListPartnerSide()[pri:0, instance:All_API_List.TC022_POST_OrderList_PartnerSide@76707e36]" name="POSTOrderListPartnerSide" duration-ms="71" started-at="2022-02-28T10:37:02 IST" finished-at="2022-02-28T10:37:02 IST">
          <reporter-output>
          </reporter-output>
        </test-method> <!-- POSTOrderListPartnerSide -->
      </class> <!-- All_API_List.TC022_POST_OrderList_PartnerSide -->
    </test> <!-- Accept_Add_Extra_Services_Addon_PartnerSide_Flow_APIs -->
    <test name="Add_Extra_Services(Addon)_Payment_Flow_With_Card_Detail_Page" duration-ms="1608" started-at="2022-02-28T10:37:03 IST" finished-at="2022-02-28T10:37:05 IST">
      <class name="All_API_List.TC025_POST_OrderHistory_CustomerSide">
        <test-method status="PASS" signature="setup()[pri:0, instance:All_API_List.TC025_POST_OrderHistory_CustomerSide@184f6be2]" name="setup" is-config="true" duration-ms="1" started-at="2022-02-28T10:37:03 IST" finished-at="2022-02-28T10:37:03 IST">
          <reporter-output>
          </reporter-output>
        </test-method> <!-- setup -->
        <test-method status="PASS" signature="POSTOrderHistoryCustomerSide()[pri:0, instance:All_API_List.TC025_POST_OrderHistory_CustomerSide@184f6be2]" name="POSTOrderHistoryCustomerSide" duration-ms="91" started-at="2022-02-28T10:37:03 IST" finished-at="2022-02-28T10:37:03 IST">
          <reporter-output>
          </reporter-output>
        </test-method> <!-- POSTOrderHistoryCustomerSide -->
      </class> <!-- All_API_List.TC025_POST_OrderHistory_CustomerSide -->
      <class name="All_API_List.TC023_POST_OrderDetails_CustomerSide">
        <test-method status="PASS" signature="setup()[pri:0, instance:All_API_List.TC023_POST_OrderDetails_CustomerSide@6895a785]" name="setup" is-config="true" duration-ms="1" started-at="2022-02-28T10:37:03 IST" finished-at="2022-02-28T10:37:03 IST">
          <reporter-output>
          </reporter-output>
        </test-method> <!-- setup -->
        <test-method status="PASS" signature="POSTOrderDetailsCustomerSide()[pri:0, instance:All_API_List.TC023_POST_OrderDetails_CustomerSide@6895a785]" name="POSTOrderDetailsCustomerSide" duration-ms="70" started-at="2022-02-28T10:37:03 IST" finished-at="2022-02-28T10:37:03 IST">
          <reporter-output>
          </reporter-output>
        </test-method> <!-- POSTOrderDetailsCustomerSide -->
      </class> <!-- All_API_List.TC023_POST_OrderDetails_CustomerSide -->
      <class name="All_API_List.TC024_POST_JobDetails_CustomerSide">
        <test-method status="PASS" signature="setup()[pri:0, instance:All_API_List.TC024_POST_JobDetails_CustomerSide@56aac163]" name="setup" is-config="true" duration-ms="1" started-at="2022-02-28T10:37:04 IST" finished-at="2022-02-28T10:37:04 IST">
          <reporter-output>
          </reporter-output>
        </test-method> <!-- setup -->
        <test-method status="PASS" signature="POSTJobDetailsCustomerSide()[pri:0, instance:All_API_List.TC024_POST_JobDetails_CustomerSide@56aac163]" name="POSTJobDetailsCustomerSide" duration-ms="139" started-at="2022-02-28T10:37:04 IST" finished-at="2022-02-28T10:37:04 IST">
          <reporter-output>
          </reporter-output>
        </test-method> <!-- POSTJobDetailsCustomerSide -->
      </class> <!-- All_API_List.TC024_POST_JobDetails_CustomerSide -->
      <class name="All_API_List.TC053_POST_GenerateAddonPaymentLink">
        <test-method status="PASS" signature="setup()[pri:0, instance:All_API_List.TC053_POST_GenerateAddonPaymentLink@5a1c0542]" name="setup" is-config="true" duration-ms="2" started-at="2022-02-28T10:37:04 IST" finished-at="2022-02-28T10:37:04 IST">
          <reporter-output>
          </reporter-output>
        </test-method> <!-- setup -->
        <test-method status="PASS" signature="POSTGenerateAddonPaymentLink()[pri:0, instance:All_API_List.TC053_POST_GenerateAddonPaymentLink@5a1c0542]" name="POSTGenerateAddonPaymentLink" duration-ms="1081" started-at="2022-02-28T10:37:04 IST" finished-at="2022-02-28T10:37:05 IST">
          <reporter-output>
          </reporter-output>
        </test-method> <!-- POSTGenerateAddonPaymentLink -->
      </class> <!-- All_API_List.TC053_POST_GenerateAddonPaymentLink -->
      <class name="All_API_List.TC022_POST_OrderList_CustomerSide">
        <test-method status="PASS" signature="setup()[pri:0, instance:All_API_List.TC022_POST_OrderList_CustomerSide@48503868]" name="setup" is-config="true" duration-ms="1" started-at="2022-02-28T10:37:03 IST" finished-at="2022-02-28T10:37:03 IST">
          <reporter-output>
          </reporter-output>
        </test-method> <!-- setup -->
        <test-method status="PASS" signature="POSTOrderListCustomerSide()[pri:0, instance:All_API_List.TC022_POST_OrderList_CustomerSide@48503868]" name="POSTOrderListCustomerSide" duration-ms="47" started-at="2022-02-28T10:37:03 IST" finished-at="2022-02-28T10:37:03 IST">
          <reporter-output>
          </reporter-output>
        </test-method> <!-- POSTOrderListCustomerSide -->
      </class> <!-- All_API_List.TC022_POST_OrderList_CustomerSide -->
      <class name="All_API_List.TC036_POST_NewAddonRequestPayment">
        <test-method status="PASS" signature="setup()[pri:0, instance:All_API_List.TC036_POST_NewAddonRequestPayment@396f6598]" name="setup" is-config="true" duration-ms="2" started-at="2022-02-28T10:37:05 IST" finished-at="2022-02-28T10:37:05 IST">
          <reporter-output>
          </reporter-output>
        </test-method> <!-- setup -->
        <test-method status="PASS" signature="POSTNewAddonRequestReject()[pri:0, instance:All_API_List.TC036_POST_NewAddonRequestPayment@396f6598]" name="POSTNewAddonRequestReject" duration-ms="92" started-at="2022-02-28T10:37:05 IST" finished-at="2022-02-28T10:37:05 IST">
          <reporter-output>
          </reporter-output>
        </test-method> <!-- POSTNewAddonRequestReject -->
      </class> <!-- All_API_List.TC036_POST_NewAddonRequestPayment -->
      <class name="All_API_List.TC033_POST_NewAddonRequestView">
        <test-method status="PASS" signature="setup()[pri:0, instance:All_API_List.TC033_POST_NewAddonRequestView@1f7030a6]" name="setup" is-config="true" duration-ms="2" started-at="2022-02-28T10:37:04 IST" finished-at="2022-02-28T10:37:04 IST">
          <reporter-output>
          </reporter-output>
        </test-method> <!-- setup -->
        <test-method status="PASS" signature="POSTNewAddonRequestView()[pri:0, instance:All_API_List.TC033_POST_NewAddonRequestView@1f7030a6]" name="POSTNewAddonRequestView" duration-ms="48" started-at="2022-02-28T10:37:04 IST" finished-at="2022-02-28T10:37:04 IST">
          <reporter-output>
          </reporter-output>
        </test-method> <!-- POSTNewAddonRequestView -->
      </class> <!-- All_API_List.TC033_POST_NewAddonRequestView -->
      <class name="All_API_List.TC009_GET_NotificationCount">
        <test-method status="PASS" signature="setup()[pri:0, instance:All_API_List.TC009_GET_NotificationCount@10bbd20a]" name="setup" is-config="true" duration-ms="2" started-at="2022-02-28T10:37:03 IST" finished-at="2022-02-28T10:37:03 IST">
          <reporter-output>
          </reporter-output>
        </test-method> <!-- setup -->
        <test-method status="PASS" signature="GETNotificationCount()[pri:0, instance:All_API_List.TC009_GET_NotificationCount@10bbd20a]" name="GETNotificationCount" duration-ms="23" started-at="2022-02-28T10:37:03 IST" finished-at="2022-02-28T10:37:03 IST">
          <reporter-output>
          </reporter-output>
        </test-method> <!-- GETNotificationCount -->
      </class> <!-- All_API_List.TC009_GET_NotificationCount -->
    </test> <!-- Add_Extra_Services(Addon)_Payment_Flow_With_Card_Detail_Page -->
    <test name="Check_In_Start_MarkChecklist_Finished_Flow" duration-ms="10439" started-at="2022-02-28T10:37:05 IST" finished-at="2022-02-28T10:37:15 IST">
      <class name="All_API_List.TC024_POST_JobDetails_PartnerSide">
        <test-method status="PASS" signature="setup()[pri:0, instance:All_API_List.TC024_POST_JobDetails_PartnerSide@4b1c1ea0]" name="setup" is-config="true" duration-ms="3" started-at="2022-02-28T10:37:05 IST" finished-at="2022-02-28T10:37:05 IST">
          <reporter-output>
          </reporter-output>
        </test-method> <!-- setup -->
        <test-method status="PASS" signature="POSTJobDetailsPartnerSide()[pri:0, instance:All_API_List.TC024_POST_JobDetails_PartnerSide@4b1c1ea0]" name="POSTJobDetailsPartnerSide" duration-ms="141" started-at="2022-02-28T10:37:05 IST" finished-at="2022-02-28T10:37:05 IST">
          <reporter-output>
          </reporter-output>
        </test-method> <!-- POSTJobDetailsPartnerSide -->
      </class> <!-- All_API_List.TC024_POST_JobDetails_PartnerSide -->
      <class name="All_API_List.TC037_POST_ChangeOrderStatus_START">
        <test-method status="PASS" signature="setup()[pri:0, instance:All_API_List.TC037_POST_ChangeOrderStatus_START@4d41cee]" name="setup" is-config="true" duration-ms="2" started-at="2022-02-28T10:37:08 IST" finished-at="2022-02-28T10:37:08 IST">
          <reporter-output>
          </reporter-output>
        </test-method> <!-- setup -->
        <test-method status="PASS" signature="POSTChangeOrderStatus_START()[pri:0, instance:All_API_List.TC037_POST_ChangeOrderStatus_START@4d41cee]" name="POSTChangeOrderStatus_START" duration-ms="437" started-at="2022-02-28T10:37:08 IST" finished-at="2022-02-28T10:37:08 IST">
          <reporter-output>
          </reporter-output>
        </test-method> <!-- POSTChangeOrderStatus_START -->
      </class> <!-- All_API_List.TC037_POST_ChangeOrderStatus_START -->
      <class name="All_API_List.TC037_POST_ChangeOrderStatus_CHECKIN">
        <test-method status="PASS" signature="setup()[pri:0, instance:All_API_List.TC037_POST_ChangeOrderStatus_CHECKIN@17579e0f]" name="setup" is-config="true" duration-ms="2" started-at="2022-02-28T10:37:05 IST" finished-at="2022-02-28T10:37:05 IST">
          <reporter-output>
          </reporter-output>
        </test-method> <!-- setup -->
        <test-method status="PASS" signature="POSTChangeOrderStatus_CHECKIN()[pri:0, instance:All_API_List.TC037_POST_ChangeOrderStatus_CHECKIN@17579e0f]" name="POSTChangeOrderStatus_CHECKIN" duration-ms="2395" started-at="2022-02-28T10:37:05 IST" finished-at="2022-02-28T10:37:08 IST">
          <reporter-output>
          </reporter-output>
        </test-method> <!-- POSTChangeOrderStatus_CHECKIN -->
      </class> <!-- All_API_List.TC037_POST_ChangeOrderStatus_CHECKIN -->
      <class name="All_API_List.TC055_POST_EmpORManagerOutOfRange">
        <test-method status="PASS" signature="setup()[pri:0, instance:All_API_List.TC055_POST_EmpORManagerOutOfRange@2833cc44]" name="setup" is-config="true" duration-ms="2" started-at="2022-02-28T10:37:08 IST" finished-at="2022-02-28T10:37:08 IST">
          <reporter-output>
          </reporter-output>
        </test-method> <!-- setup -->
        <test-method status="PASS" signature="POSTEmpORManagerOutOfRanges()[pri:0, instance:All_API_List.TC055_POST_EmpORManagerOutOfRange@2833cc44]" name="POSTEmpORManagerOutOfRanges" duration-ms="58" started-at="2022-02-28T10:37:08 IST" finished-at="2022-02-28T10:37:08 IST">
          <reporter-output>
          </reporter-output>
        </test-method> <!-- POSTEmpORManagerOutOfRanges -->
      </class> <!-- All_API_List.TC055_POST_EmpORManagerOutOfRange -->
      <class name="All_API_List.TC025_POST_OrderHistory_PartnerSide">
        <test-method status="PASS" signature="setup()[pri:0, instance:All_API_List.TC025_POST_OrderHistory_PartnerSide@6acdbdf5]" name="setup" is-config="true" duration-ms="2" started-at="2022-02-28T10:37:05 IST" finished-at="2022-02-28T10:37:05 IST">
          <reporter-output>
          </reporter-output>
        </test-method> <!-- setup -->
        <test-method status="PASS" signature="POSTOrderHistoryPartnerSide()[pri:0, instance:All_API_List.TC025_POST_OrderHistory_PartnerSide@6acdbdf5]" name="POSTOrderHistoryPartnerSide" duration-ms="87" started-at="2022-02-28T10:37:05 IST" finished-at="2022-02-28T10:37:05 IST">
          <reporter-output>
          </reporter-output>
        </test-method> <!-- POSTOrderHistoryPartnerSide -->
      </class> <!-- All_API_List.TC025_POST_OrderHistory_PartnerSide -->
      <class name="All_API_List.TC023_POST_OrderDetails_PartnerSide">
        <test-method status="PASS" signature="setup()[pri:0, instance:All_API_List.TC023_POST_OrderDetails_PartnerSide@15d0c81b]" name="setup" is-config="true" duration-ms="2" started-at="2022-02-28T10:37:05 IST" finished-at="2022-02-28T10:37:05 IST">
          <reporter-output>
          </reporter-output>
        </test-method> <!-- setup -->
        <test-method status="PASS" signature="POSTOrderDetails_PartnerSide()[pri:0, instance:All_API_List.TC023_POST_OrderDetails_PartnerSide@15d0c81b]" name="POSTOrderDetails_PartnerSide" duration-ms="63" started-at="2022-02-28T10:37:05 IST" finished-at="2022-02-28T10:37:05 IST">
          <reporter-output>
          </reporter-output>
        </test-method> <!-- POSTOrderDetails_PartnerSide -->
      </class> <!-- All_API_List.TC023_POST_OrderDetails_PartnerSide -->
      <class name="All_API_List.TC022_POST_OrderList_PartnerSide">
        <test-method status="PASS" signature="setup()[pri:0, instance:All_API_List.TC022_POST_OrderList_PartnerSide@74650e52]" name="setup" is-config="true" duration-ms="2" started-at="2022-02-28T10:37:05 IST" finished-at="2022-02-28T10:37:05 IST">
          <reporter-output>
          </reporter-output>
        </test-method> <!-- setup -->
        <test-method status="PASS" signature="POSTOrderListPartnerSide()[pri:0, instance:All_API_List.TC022_POST_OrderList_PartnerSide@74650e52]" name="POSTOrderListPartnerSide" duration-ms="44" started-at="2022-02-28T10:37:05 IST" finished-at="2022-02-28T10:37:05 IST">
          <reporter-output>
          </reporter-output>
        </test-method> <!-- POSTOrderListPartnerSide -->
      </class> <!-- All_API_List.TC022_POST_OrderList_PartnerSide -->
      <class name="All_API_List.TC037_POST_ChangeOrderStatus_FINISHED">
        <test-method status="PASS" signature="setup()[pri:0, instance:All_API_List.TC037_POST_ChangeOrderStatus_FINISHED@33f88ab]" name="setup" is-config="true" duration-ms="2" started-at="2022-02-28T10:37:08 IST" finished-at="2022-02-28T10:37:08 IST">
          <reporter-output>
          </reporter-output>
        </test-method> <!-- setup -->
        <test-method status="PASS" signature="POSTChangeOrderStatus_FINISHED()[pri:0, instance:All_API_List.TC037_POST_ChangeOrderStatus_FINISHED@33f88ab]" name="POSTChangeOrderStatus_FINISHED" duration-ms="7037" started-at="2022-02-28T10:37:08 IST" finished-at="2022-02-28T10:37:15 IST">
          <reporter-output>
          </reporter-output>
        </test-method> <!-- POSTChangeOrderStatus_FINISHED -->
      </class> <!-- All_API_List.TC037_POST_ChangeOrderStatus_FINISHED -->
      <class name="All_API_List.TC038_POST_MarkChecklistAddonsCompleted">
        <test-method status="PASS" signature="setup()[pri:0, instance:All_API_List.TC038_POST_MarkChecklistAddonsCompleted@3712b94]" name="setup" is-config="true" duration-ms="4" started-at="2022-02-28T10:37:08 IST" finished-at="2022-02-28T10:37:08 IST">
          <reporter-output>
          </reporter-output>
        </test-method> <!-- setup -->
        <test-method status="PASS" signature="POSTMarkChecklistAddonsCompleted()[pri:0, instance:All_API_List.TC038_POST_MarkChecklistAddonsCompleted@3712b94]" name="POSTMarkChecklistAddonsCompleted" duration-ms="151" started-at="2022-02-28T10:37:08 IST" finished-at="2022-02-28T10:37:08 IST">
          <reporter-output>
          </reporter-output>
        </test-method> <!-- POSTMarkChecklistAddonsCompleted -->
      </class> <!-- All_API_List.TC038_POST_MarkChecklistAddonsCompleted -->
    </test> <!-- Check_In_Start_MarkChecklist_Finished_Flow -->
    <test name="Custom_Room_Flow" duration-ms="1501" started-at="2022-02-28T10:37:15 IST" finished-at="2022-02-28T10:37:17 IST">
      <class name="Custom_Room.TC008_POST_DeleteCustomRoom">
        <test-method status="PASS" signature="setup()[pri:0, instance:Custom_Room.TC008_POST_DeleteCustomRoom@305fd85d]" name="setup" is-config="true" duration-ms="2" started-at="2022-02-28T10:37:17 IST" finished-at="2022-02-28T10:37:17 IST">
          <reporter-output>
          </reporter-output>
        </test-method> <!-- setup -->
        <test-method status="PASS" signature="POSTDeleteCustomRoom()[pri:0, instance:Custom_Room.TC008_POST_DeleteCustomRoom@305fd85d]" name="POSTDeleteCustomRoom" duration-ms="50" started-at="2022-02-28T10:37:17 IST" finished-at="2022-02-28T10:37:17 IST">
          <reporter-output>
          </reporter-output>
        </test-method> <!-- POSTDeleteCustomRoom -->
      </class> <!-- Custom_Room.TC008_POST_DeleteCustomRoom -->
      <class name="Custom_Room.TC007_POST_EditCustomRoom">
        <test-method status="PASS" signature="setup()[pri:0, instance:Custom_Room.TC007_POST_EditCustomRoom@1877ab81]" name="setup" is-config="true" duration-ms="2" started-at="2022-02-28T10:37:17 IST" finished-at="2022-02-28T10:37:17 IST">
          <reporter-output>
          </reporter-output>
        </test-method> <!-- setup -->
        <test-method status="PASS" signature="POSTEditCustomRoom()[pri:0, instance:Custom_Room.TC007_POST_EditCustomRoom@1877ab81]" name="POSTEditCustomRoom" duration-ms="39" started-at="2022-02-28T10:37:17 IST" finished-at="2022-02-28T10:37:17 IST">
          <reporter-output>
          </reporter-output>
        </test-method> <!-- POSTEditCustomRoom -->
      </class> <!-- Custom_Room.TC007_POST_EditCustomRoom -->
      <class name="Custom_Room.TC006_POST_AddCustomRoom">
        <test-method status="PASS" signature="setup()[pri:0, instance:Custom_Room.TC006_POST_AddCustomRoom@57e1b0c]" name="setup" is-config="true" duration-ms="2" started-at="2022-02-28T10:37:16 IST" finished-at="2022-02-28T10:37:16 IST">
          <reporter-output>
          </reporter-output>
        </test-method> <!-- setup -->
        <test-method status="PASS" signature="POSTAddCustomRoom()[pri:0, instance:Custom_Room.TC006_POST_AddCustomRoom@57e1b0c]" name="POSTAddCustomRoom" duration-ms="370" started-at="2022-02-28T10:37:16 IST" finished-at="2022-02-28T10:37:17 IST">
          <reporter-output>
          </reporter-output>
        </test-method> <!-- POSTAddCustomRoom -->
      </class> <!-- Custom_Room.TC006_POST_AddCustomRoom -->
      <class name="Custom_Room.TC005_POST_StandardAddonList">
        <test-method status="PASS" signature="setup()[pri:0, instance:Custom_Room.TC005_POST_StandardAddonList@2781e022]" name="setup" is-config="true" duration-ms="2" started-at="2022-02-28T10:37:16 IST" finished-at="2022-02-28T10:37:16 IST">
          <reporter-output>
          </reporter-output>
        </test-method> <!-- setup -->
        <test-method status="PASS" signature="POSTStandardAddonList()[pri:0, instance:Custom_Room.TC005_POST_StandardAddonList@2781e022]" name="POSTStandardAddonList" duration-ms="780" started-at="2022-02-28T10:37:16 IST" finished-at="2022-02-28T10:37:16 IST">
          <reporter-output>
          </reporter-output>
        </test-method> <!-- POSTStandardAddonList -->
      </class> <!-- Custom_Room.TC005_POST_StandardAddonList -->
      <class name="Custom_Room.TC009_POST_GetRoomDetails">
        <test-method status="PASS" signature="setup()[pri:0, instance:Custom_Room.TC009_POST_GetRoomDetails@4232c52b]" name="setup" is-config="true" duration-ms="2" started-at="2022-02-28T10:37:17 IST" finished-at="2022-02-28T10:37:17 IST">
          <reporter-output>
          </reporter-output>
        </test-method> <!-- setup -->
        <test-method status="PASS" signature="POSTGetRoomDetails()[pri:0, instance:Custom_Room.TC009_POST_GetRoomDetails@4232c52b]" name="POSTGetRoomDetails" duration-ms="25" started-at="2022-02-28T10:37:17 IST" finished-at="2022-02-28T10:37:17 IST">
          <reporter-output>
          </reporter-output>
        </test-method> <!-- POSTGetRoomDetails -->
      </class> <!-- Custom_Room.TC009_POST_GetRoomDetails -->
      <class name="Custom_Room.TC004_GET_StandardChecklist">
        <test-method status="PASS" signature="setup()[pri:0, instance:Custom_Room.TC004_GET_StandardChecklist@4493d195]" name="setup" is-config="true" duration-ms="2" started-at="2022-02-28T10:37:15 IST" finished-at="2022-02-28T10:37:15 IST">
          <reporter-output>
          </reporter-output>
        </test-method> <!-- setup -->
        <test-method status="PASS" signature="GETStandardChecklist()[pri:0, instance:Custom_Room.TC004_GET_StandardChecklist@4493d195]" name="GETStandardChecklist" duration-ms="221" started-at="2022-02-28T10:37:15 IST" finished-at="2022-02-28T10:37:16 IST">
          <reporter-output>
          </reporter-output>
        </test-method> <!-- GETStandardChecklist -->
      </class> <!-- Custom_Room.TC004_GET_StandardChecklist -->
    </test> <!-- Custom_Room_Flow -->
    <test name="Add_Custom_Addon_And_Delete_Flow" duration-ms="566" started-at="2022-02-28T10:37:17 IST" finished-at="2022-02-28T10:37:17 IST">
      <class name="Custom_Addon.TC002_POST_DeleteCustomAddon_BeforeSubmitChecklistAddon">
        <test-method status="PASS" signature="setup()[pri:0, instance:Custom_Addon.TC002_POST_DeleteCustomAddon_BeforeSubmitChecklistAddon@2bbf4b8b]" name="setup" is-config="true" duration-ms="2" started-at="2022-02-28T10:37:17 IST" finished-at="2022-02-28T10:37:17 IST">
          <reporter-output>
          </reporter-output>
        </test-method> <!-- setup -->
        <test-method status="PASS" signature="POSTDeleteCustomAddon_BeforeSubmitChecklistAddon()[pri:0, instance:Custom_Addon.TC002_POST_DeleteCustomAddon_BeforeSubmitChecklistAddon@2bbf4b8b]" name="POSTDeleteCustomAddon_BeforeSubmitChecklistAddon" duration-ms="22" started-at="2022-02-28T10:37:17 IST" finished-at="2022-02-28T10:37:17 IST">
          <reporter-output>
          </reporter-output>
        </test-method> <!-- POSTDeleteCustomAddon_BeforeSubmitChecklistAddon -->
      </class> <!-- Custom_Addon.TC002_POST_DeleteCustomAddon_BeforeSubmitChecklistAddon -->
      <class name="Custom_Addon.TC001_POST_AddCustomAddon">
        <test-method status="PASS" signature="setup()[pri:0, instance:Custom_Addon.TC001_POST_AddCustomAddon@1563da5]" name="setup" is-config="true" duration-ms="2" started-at="2022-02-28T10:37:17 IST" finished-at="2022-02-28T10:37:17 IST">
          <reporter-output>
          </reporter-output>
        </test-method> <!-- setup -->
        <test-method status="PASS" signature="POSTAddCustomAddon()[pri:0, instance:Custom_Addon.TC001_POST_AddCustomAddon@1563da5]" name="POSTAddCustomAddon" duration-ms="540" started-at="2022-02-28T10:37:17 IST" finished-at="2022-02-28T10:37:17 IST">
          <reporter-output>
          </reporter-output>
        </test-method> <!-- POSTAddCustomAddon -->
      </class> <!-- Custom_Addon.TC001_POST_AddCustomAddon -->
    </test> <!-- Add_Custom_Addon_And_Delete_Flow -->
    <test name="Custom_Addon_Add_And_Submit_Price_And_Accept_Order_Flow" duration-ms="8382" started-at="2022-02-28T10:37:17 IST" finished-at="2022-02-28T10:37:26 IST">
      <class name="All_API_List.TC027_POST_ProviderAcceptOrder">
        <test-method status="PASS" signature="setup()[pri:0, instance:All_API_List.TC027_POST_ProviderAcceptOrder@307f6b8c]" name="setup" is-config="true" duration-ms="2" started-at="2022-02-28T10:37:25 IST" finished-at="2022-02-28T10:37:25 IST">
          <reporter-output>
          </reporter-output>
        </test-method> <!-- setup -->
        <test-method status="PASS" signature="POSTProviderAcceptOrder()[pri:0, instance:All_API_List.TC027_POST_ProviderAcceptOrder@307f6b8c]" name="POSTProviderAcceptOrder" duration-ms="139" started-at="2022-02-28T10:37:25 IST" finished-at="2022-02-28T10:37:25 IST">
          <reporter-output>
          </reporter-output>
        </test-method> <!-- POSTProviderAcceptOrder -->
      </class> <!-- All_API_List.TC027_POST_ProviderAcceptOrder -->
      <class name="All_API_List.TC023_POST_OrderDetails_CustomerSide">
        <test-method status="PASS" signature="setup()[pri:0, instance:All_API_List.TC023_POST_OrderDetails_CustomerSide@6f195bc3]" name="setup" is-config="true" duration-ms="3" started-at="2022-02-28T10:37:25 IST" finished-at="2022-02-28T10:37:25 IST">
          <reporter-output>
          </reporter-output>
        </test-method> <!-- setup -->
        <test-method status="PASS" signature="POSTOrderDetailsCustomerSide()[pri:0, instance:All_API_List.TC023_POST_OrderDetails_CustomerSide@6f195bc3]" name="POSTOrderDetailsCustomerSide" duration-ms="104" started-at="2022-02-28T10:37:25 IST" finished-at="2022-02-28T10:37:25 IST">
          <reporter-output>
          </reporter-output>
        </test-method> <!-- POSTOrderDetailsCustomerSide -->
      </class> <!-- All_API_List.TC023_POST_OrderDetails_CustomerSide -->
      <class name="Custom_Addon.TC007_POST_SubmitPrice">
        <test-method status="PASS" signature="setup()[pri:0, instance:Custom_Addon.TC007_POST_SubmitPrice@2173f6d9]" name="setup" is-config="true" duration-ms="2" started-at="2022-02-28T10:37:25 IST" finished-at="2022-02-28T10:37:25 IST">
          <reporter-output>
          </reporter-output>
        </test-method> <!-- setup -->
        <test-method status="PASS" signature="POSTSubmitPrice()[pri:0, instance:Custom_Addon.TC007_POST_SubmitPrice@2173f6d9]" name="POSTSubmitPrice" duration-ms="40" started-at="2022-02-28T10:37:25 IST" finished-at="2022-02-28T10:37:25 IST">
          <reporter-output>
          </reporter-output>
        </test-method> <!-- POSTSubmitPrice -->
      </class> <!-- Custom_Addon.TC007_POST_SubmitPrice -->
      <class name="All_API_List.TC025_POST_OrderHistory_PartnerSide">
        <test-method status="PASS" signature="setup()[pri:0, instance:All_API_List.TC025_POST_OrderHistory_PartnerSide@467aecef]" name="setup" is-config="true" duration-ms="2" started-at="2022-02-28T10:37:25 IST" finished-at="2022-02-28T10:37:25 IST">
          <reporter-output>
          </reporter-output>
        </test-method> <!-- setup -->
        <test-method status="PASS" signature="POSTOrderHistoryPartnerSide()[pri:0, instance:All_API_List.TC025_POST_OrderHistory_PartnerSide@467aecef]" name="POSTOrderHistoryPartnerSide" duration-ms="57" started-at="2022-02-28T10:37:25 IST" finished-at="2022-02-28T10:37:25 IST">
          <reporter-output>
          </reporter-output>
        </test-method> <!-- POSTOrderHistoryPartnerSide -->
      </class> <!-- All_API_List.TC025_POST_OrderHistory_PartnerSide -->
      <class name="Custom_Addon.TC014_POST_CustomOrderList_CustomerSide">
        <test-method status="PASS" signature="setup()[pri:0, instance:Custom_Addon.TC014_POST_CustomOrderList_CustomerSide@7a187f14]" name="setup" is-config="true" duration-ms="3" started-at="2022-02-28T10:37:25 IST" finished-at="2022-02-28T10:37:25 IST">
          <reporter-output>
          </reporter-output>
        </test-method> <!-- setup -->
        <test-method status="PASS" signature="POSTCustomOrderListCustomerSide()[pri:0, instance:Custom_Addon.TC014_POST_CustomOrderList_CustomerSide@7a187f14]" name="POSTCustomOrderListCustomerSide" duration-ms="73" started-at="2022-02-28T10:37:25 IST" finished-at="2022-02-28T10:37:25 IST">
          <reporter-output>
          </reporter-output>
        </test-method> <!-- POSTCustomOrderListCustomerSide -->
      </class> <!-- Custom_Addon.TC014_POST_CustomOrderList_CustomerSide -->
      <class name="All_API_List.TC013_POST_ServiceRequest">
        <test-method status="PASS" signature="setup()[pri:0, instance:All_API_List.TC013_POST_ServiceRequest@480bdb19]" name="setup" is-config="true" duration-ms="1" started-at="2022-02-28T10:37:18 IST" finished-at="2022-02-28T10:37:18 IST">
          <reporter-output>
          </reporter-output>
        </test-method> <!-- setup -->
        <test-method status="PASS" signature="POSTServiceRequest()[pri:0, instance:All_API_List.TC013_POST_ServiceRequest@480bdb19]" name="POSTServiceRequest" duration-ms="518" started-at="2022-02-28T10:37:18 IST" finished-at="2022-02-28T10:37:19 IST">
          <reporter-output>
          </reporter-output>
        </test-method> <!-- POSTServiceRequest -->
      </class> <!-- All_API_List.TC013_POST_ServiceRequest -->
      <class name="All_API_List.TC023_POST_OrderDetails_PartnerSide">
        <test-method status="PASS" signature="setup()[pri:0, instance:All_API_List.TC023_POST_OrderDetails_PartnerSide@3dfc5fb8]" name="setup" is-config="true" duration-ms="5" started-at="2022-02-28T10:37:25 IST" finished-at="2022-02-28T10:37:25 IST">
          <reporter-output>
          </reporter-output>
        </test-method> <!-- setup -->
        <test-method status="PASS" signature="POSTOrderDetails_PartnerSide()[pri:0, instance:All_API_List.TC023_POST_OrderDetails_PartnerSide@3dfc5fb8]" name="POSTOrderDetails_PartnerSide" duration-ms="71" started-at="2022-02-28T10:37:25 IST" finished-at="2022-02-28T10:37:25 IST">
          <reporter-output>
          </reporter-output>
        </test-method> <!-- POSTOrderDetails_PartnerSide -->
      </class> <!-- All_API_List.TC023_POST_OrderDetails_PartnerSide -->
      <class name="Event_API_List.TC004_POST_GetHomeDetailsForEventOrder">
        <test-method status="PASS" signature="setup()[pri:0, instance:Event_API_List.TC004_POST_GetHomeDetailsForEventOrder@69a3d1d]" name="setup" is-config="true" duration-ms="2" started-at="2022-02-28T10:37:17 IST" finished-at="2022-02-28T10:37:17 IST">
          <reporter-output>
          </reporter-output>
        </test-method> <!-- setup -->
        <test-method status="PASS" signature="POSTGetHomeDetailsForEventOrder()[pri:0, instance:Event_API_List.TC004_POST_GetHomeDetailsForEventOrder@69a3d1d]" name="POSTGetHomeDetailsForEventOrder" duration-ms="30" started-at="2022-02-28T10:37:17 IST" finished-at="2022-02-28T10:37:18 IST">
          <reporter-output>
          </reporter-output>
        </test-method> <!-- POSTGetHomeDetailsForEventOrder -->
      </class> <!-- Event_API_List.TC004_POST_GetHomeDetailsForEventOrder -->
      <class name="Event_API_List.TC007_POST_AvailableProvider">
        <test-method status="PASS" signature="setup()[pri:0, instance:Event_API_List.TC007_POST_AvailableProvider@4b553d26]" name="setup" is-config="true" duration-ms="1" started-at="2022-02-28T10:37:17 IST" finished-at="2022-02-28T10:37:17 IST">
          <reporter-output>
          </reporter-output>
        </test-method> <!-- setup -->
        <test-method status="PASS" signature="POSTAvailableProvider()[pri:0, instance:Event_API_List.TC007_POST_AvailableProvider@4b553d26]" name="POSTAvailableProvider" duration-ms="65" started-at="2022-02-28T10:37:17 IST" finished-at="2022-02-28T10:37:17 IST">
          <reporter-output>
          </reporter-output>
        </test-method> <!-- POSTAvailableProvider -->
      </class> <!-- Event_API_List.TC007_POST_AvailableProvider -->
      <class name="All_API_List.TC024_POST_JobDetails_PartnerSide">
        <test-method status="PASS" signature="setup()[pri:0, instance:All_API_List.TC024_POST_JobDetails_PartnerSide@7e2d773b]" name="setup" is-config="true" duration-ms="2" started-at="2022-02-28T10:37:25 IST" finished-at="2022-02-28T10:37:25 IST">
          <reporter-output>
          </reporter-output>
        </test-method> <!-- setup -->
        <test-method status="PASS" signature="POSTJobDetailsPartnerSide()[pri:0, instance:All_API_List.TC024_POST_JobDetails_PartnerSide@7e2d773b]" name="POSTJobDetailsPartnerSide" duration-ms="146" started-at="2022-02-28T10:37:25 IST" finished-at="2022-02-28T10:37:25 IST">
          <reporter-output>
          </reporter-output>
        </test-method> <!-- POSTJobDetailsPartnerSide -->
      </class> <!-- All_API_List.TC024_POST_JobDetails_PartnerSide -->
      <class name="All_API_List.TC025_POST_OrderHistory_CustomerSide">
        <test-method status="PASS" signature="setup()[pri:0, instance:All_API_List.TC025_POST_OrderHistory_CustomerSide@51e2adc7]" name="setup" is-config="true" duration-ms="2" started-at="2022-02-28T10:37:25 IST" finished-at="2022-02-28T10:37:25 IST">
          <reporter-output>
          </reporter-output>
        </test-method> <!-- setup -->
        <test-method status="PASS" signature="POSTOrderHistoryCustomerSide()[pri:0, instance:All_API_List.TC025_POST_OrderHistory_CustomerSide@51e2adc7]" name="POSTOrderHistoryCustomerSide" duration-ms="81" started-at="2022-02-28T10:37:25 IST" finished-at="2022-02-28T10:37:25 IST">
          <reporter-output>
          </reporter-output>
        </test-method> <!-- POSTOrderHistoryCustomerSide -->
      </class> <!-- All_API_List.TC025_POST_OrderHistory_CustomerSide -->
      <class name="Custom_Addon.TC004_POST_GetCustomAddonDetails_ManagerSide">
        <test-method status="PASS" signature="setup()[pri:0, instance:Custom_Addon.TC004_POST_GetCustomAddonDetails_ManagerSide@4d50efb8]" name="setup" is-config="true" duration-ms="1" started-at="2022-02-28T10:37:25 IST" finished-at="2022-02-28T10:37:25 IST">
          <reporter-output>
          </reporter-output>
        </test-method> <!-- setup -->
        <test-method status="PASS" signature="POSTGetCustomAddonDetails_ManagerSide()[pri:0, instance:Custom_Addon.TC004_POST_GetCustomAddonDetails_ManagerSide@4d50efb8]" name="POSTGetCustomAddonDetails_ManagerSide" duration-ms="24" started-at="2022-02-28T10:37:25 IST" finished-at="2022-02-28T10:37:25 IST">
          <reporter-output>
          </reporter-output>
        </test-method> <!-- POSTGetCustomAddonDetails_ManagerSide -->
      </class> <!-- Custom_Addon.TC004_POST_GetCustomAddonDetails_ManagerSide -->
      <class name="All_API_List.TC014_POST_ChecklistAddonList">
        <test-method status="PASS" signature="setup()[pri:0, instance:All_API_List.TC014_POST_ChecklistAddonList@2a556333]" name="setup" is-config="true" duration-ms="2" started-at="2022-02-28T10:37:19 IST" finished-at="2022-02-28T10:37:19 IST">
          <reporter-output>
          </reporter-output>
        </test-method> <!-- setup -->
        <test-method status="PASS" signature="POSTChecklistAddonList()[pri:0, instance:All_API_List.TC014_POST_ChecklistAddonList@2a556333]" name="POSTChecklistAddonList" duration-ms="4735" started-at="2022-02-28T10:37:19 IST" finished-at="2022-02-28T10:37:23 IST">
          <reporter-output>
          </reporter-output>
        </test-method> <!-- POSTChecklistAddonList -->
      </class> <!-- All_API_List.TC014_POST_ChecklistAddonList -->
      <class name="Custom_Addon.TC001_POST_AddCustomAddon">
        <test-method status="PASS" signature="setup()[pri:0, instance:Custom_Addon.TC001_POST_AddCustomAddon@7d70d1b1]" name="setup" is-config="true" duration-ms="2" started-at="2022-02-28T10:37:23 IST" finished-at="2022-02-28T10:37:23 IST">
          <reporter-output>
          </reporter-output>
        </test-method> <!-- setup -->
        <test-method status="PASS" signature="POSTAddCustomAddon()[pri:0, instance:Custom_Addon.TC001_POST_AddCustomAddon@7d70d1b1]" name="POSTAddCustomAddon" duration-ms="366" started-at="2022-02-28T10:37:23 IST" finished-at="2022-02-28T10:37:24 IST">
          <reporter-output>
          </reporter-output>
        </test-method> <!-- POSTAddCustomAddon -->
      </class> <!-- Custom_Addon.TC001_POST_AddCustomAddon -->
      <class name="All_API_List.TC037_POST_ChangeOrderStatus_CustomAddon_CANCEL">
        <test-method status="PASS" signature="setup()[pri:0, instance:All_API_List.TC037_POST_ChangeOrderStatus_CustomAddon_CANCEL@1a8a8f7c]" name="setup" is-config="true" duration-ms="1" started-at="2022-02-28T10:37:25 IST" finished-at="2022-02-28T10:37:25 IST">
          <reporter-output>
          </reporter-output>
        </test-method> <!-- setup -->
        <test-method status="PASS" signature="POSTChangeOrderStatus_Simple_Order_CANCEL()[pri:0, instance:All_API_List.TC037_POST_ChangeOrderStatus_CustomAddon_CANCEL@1a8a8f7c]" name="POSTChangeOrderStatus_Simple_Order_CANCEL" duration-ms="372" started-at="2022-02-28T10:37:25 IST" finished-at="2022-02-28T10:37:26 IST">
          <reporter-output>
          </reporter-output>
        </test-method> <!-- POSTChangeOrderStatus_Simple_Order_CANCEL -->
      </class> <!-- All_API_List.TC037_POST_ChangeOrderStatus_CustomAddon_CANCEL -->
      <class name="Event_API_List.TC005_POST_ListHomeDetailsForEventOrder">
        <test-method status="PASS" signature="setup()[pri:0, instance:Event_API_List.TC005_POST_ListHomeDetailsForEventOrder@80503]" name="setup" is-config="true" duration-ms="1" started-at="2022-02-28T10:37:17 IST" finished-at="2022-02-28T10:37:17 IST">
          <reporter-output>
          </reporter-output>
        </test-method> <!-- setup -->
        <test-method status="PASS" signature="POSTListHomeDetailsForEventOrder()[pri:0, instance:Event_API_List.TC005_POST_ListHomeDetailsForEventOrder@80503]" name="POSTListHomeDetailsForEventOrder" duration-ms="26" started-at="2022-02-28T10:37:17 IST" finished-at="2022-02-28T10:37:17 IST">
          <reporter-output>
          </reporter-output>
        </test-method> <!-- POSTListHomeDetailsForEventOrder -->
      </class> <!-- Event_API_List.TC005_POST_ListHomeDetailsForEventOrder -->
      <class name="All_API_List.TC012_GET_HomeDetailsKeys">
        <test-method status="PASS" signature="setup()[pri:0, instance:All_API_List.TC012_GET_HomeDetailsKeys@86be70a]" name="setup" is-config="true" duration-ms="1" started-at="2022-02-28T10:37:18 IST" finished-at="2022-02-28T10:37:18 IST">
          <reporter-output>
          </reporter-output>
        </test-method> <!-- setup -->
        <test-method status="PASS" signature="GETHomeDetailsKeys()[pri:0, instance:All_API_List.TC012_GET_HomeDetailsKeys@86be70a]" name="GETHomeDetailsKeys" duration-ms="540" started-at="2022-02-28T10:37:18 IST" finished-at="2022-02-28T10:37:18 IST">
          <reporter-output>
          </reporter-output>
        </test-method> <!-- GETHomeDetailsKeys -->
      </class> <!-- All_API_List.TC012_GET_HomeDetailsKeys -->
      <class name="Custom_Addon.TC013_POST_CustomOrderList_PartnerSide">
        <test-method status="PASS" signature="setup()[pri:0, instance:Custom_Addon.TC013_POST_CustomOrderList_PartnerSide@3cb1ffe6]" name="setup" is-config="true" duration-ms="4" started-at="2022-02-28T10:37:25 IST" finished-at="2022-02-28T10:37:25 IST">
          <reporter-output>
          </reporter-output>
        </test-method> <!-- setup -->
        <test-method status="PASS" signature="POSTCustomOrderListPartnerSide()[pri:0, instance:Custom_Addon.TC013_POST_CustomOrderList_PartnerSide@3cb1ffe6]" name="POSTCustomOrderListPartnerSide" duration-ms="56" started-at="2022-02-28T10:37:25 IST" finished-at="2022-02-28T10:37:25 IST">
          <reporter-output>
          </reporter-output>
        </test-method> <!-- POSTCustomOrderListPartnerSide -->
      </class> <!-- Custom_Addon.TC013_POST_CustomOrderList_PartnerSide -->
      <class name="Custom_Addon.TC003_POST_ChecklistAddonSubmit_SendCustomAddonRequest">
        <test-method status="PASS" signature="setup()[pri:0, instance:Custom_Addon.TC003_POST_ChecklistAddonSubmit_SendCustomAddonRequest@2a742aa2]" name="setup" is-config="true" duration-ms="2" started-at="2022-02-28T10:37:24 IST" finished-at="2022-02-28T10:37:24 IST">
          <reporter-output>
          </reporter-output>
        </test-method> <!-- setup -->
        <test-method status="PASS" signature="POSTChecklistAddonSubmit_SendCustomAddonRequest()[pri:0, instance:Custom_Addon.TC003_POST_ChecklistAddonSubmit_SendCustomAddonRequest@2a742aa2]" name="POSTChecklistAddonSubmit_SendCustomAddonRequest" duration-ms="888" started-at="2022-02-28T10:37:24 IST" finished-at="2022-02-28T10:37:25 IST">
          <reporter-output>
          </reporter-output>
        </test-method> <!-- POSTChecklistAddonSubmit_SendCustomAddonRequest -->
      </class> <!-- Custom_Addon.TC003_POST_ChecklistAddonSubmit_SendCustomAddonRequest -->
    </test> <!-- Custom_Addon_Add_And_Submit_Price_And_Accept_Order_Flow -->
  </suite> <!-- EasyR_Automation_Suites -->
</testng-results>
