<?xml version="1.0" encoding="UTF-8"?>
<!-- Generated by org.testng.reporters.JUnitXMLReporter -->
<testsuite hostname="DESKTOP-OP8NEPT" ignored="0" name="Accept_Add_Extra_Services_Addon_PartnerSide_Flow_APIs" tests="10" failures="0" timestamp="2022-02-28T10:37:03 IST" time="0.988" errors="0">
  <testcase name="POSTOrderListPartnerSide" time="0.071" classname="All_API_List.TC022_POST_OrderList_PartnerSide"/>
  <testcase name="POSTOrderDetails_PartnerSide" time="0.069" classname="All_API_List.TC023_POST_OrderDetails_PartnerSide"/>
  <testcase name="POSTOrderHistoryPartnerSide" time="0.092" classname="All_API_List.TC025_POST_OrderHistory_PartnerSide"/>
  <testcase name="POSTJobDetailsPartnerSide" time="0.149" classname="All_API_List.TC024_POST_JobDetails_PartnerSide"/>
  <testcase name="POSTOListEmployeeNames" time="0.084" classname="All_API_List.TC057_POST_ListEmployeeNames"/>
  <testcase name="POSTOrderDetailsCustomerSide" time="0.102" classname="All_API_List.TC023_POST_OrderDetails_CustomerSide"/>
  <testcase name="POSTOrderHistoryCustomerSide" time="0.086" classname="All_API_List.TC025_POST_OrderHistory_CustomerSide"/>
  <testcase name="POSTJobDetailsCustomerSide" time="0.159" classname="All_API_List.TC024_POST_JobDetails_CustomerSide"/>
  <testcase name="POSTNewAddonRequestView" time="0.046" classname="All_API_List.TC033_POST_NewAddonRequestView"/>
  <testcase name="POSTNewAddonRequestAccept" time="0.095" classname="All_API_List.TC034_POST_NewAddonRequestAccept"/>
</testsuite> <!-- Accept_Add_Extra_Services_Addon_PartnerSide_Flow_APIs -->
