<?xml version="1.0" encoding="UTF-8"?>
<!-- Generated by org.testng.reporters.JUnitXMLReporter -->
<testsuite hostname="DESKTOP-OP8NEPT" ignored="0" name="Add_Extra_Services_Addon_CustomerSide_Flow_APIs" tests="6" failures="0" timestamp="2022-02-28T10:37:02 IST" time="5.397" errors="0">
  <testcase name="POSTOrderDetailsCustomerSide" time="0.144" classname="All_API_List.TC023_POST_OrderDetails_CustomerSide"/>
  <testcase name="POSTOrderHistoryCustomerSide" time="0.098" classname="All_API_List.TC025_POST_OrderHistory_CustomerSide"/>
  <testcase name="POSTJobDetailsCustomerSide" time="0.152" classname="All_API_List.TC024_POST_JobDetails_CustomerSide"/>
  <testcase name="POSTGetHomeDetails" time="0.039" classname="All_API_List.TC056_POST_GetHomeDetails"/>
  <testcase name="POSTChecklistAddonList" time="4.694" classname="All_API_List.TC014_POST_ChecklistAddonList"/>
  <testcase name="POSTNewAddonRequest" time="0.245" classname="All_API_List.TC032_POST_NewAddonRequest"/>
</testsuite> <!-- Add_Extra_Services_Addon_CustomerSide_Flow_APIs -->
