<?xml version="1.0" encoding="UTF-8"?>
<!-- Generated by org.testng.reporters.JUnitXMLReporter -->
<testsuite hostname="DESKTOP-OP8NEPT" ignored="0" name="Add_Extra_Services(Addon)_Payment_Flow_With_Card_Detail_Page" tests="8" failures="0" timestamp="2022-02-28T10:37:05 IST" time="1.608" errors="0">
  <testcase name="GETNotificationCount" time="0.023" classname="All_API_List.TC009_GET_NotificationCount"/>
  <testcase name="POSTOrderListCustomerSide" time="0.047" classname="All_API_List.TC022_POST_OrderList_CustomerSide"/>
  <testcase name="POSTOrderDetailsCustomerSide" time="0.07" classname="All_API_List.TC023_POST_OrderDetails_CustomerSide"/>
  <testcase name="POSTOrderHistoryCustomerSide" time="0.091" classname="All_API_List.TC025_POST_OrderHistory_CustomerSide"/>
  <testcase name="POSTJobDetailsCustomerSide" time="0.139" classname="All_API_List.TC024_POST_JobDetails_CustomerSide"/>
  <testcase name="POSTNewAddonRequestView" time="0.048" classname="All_API_List.TC033_POST_NewAddonRequestView"/>
  <testcase name="POSTGenerateAddonPaymentLink" time="1.081" classname="All_API_List.TC053_POST_GenerateAddonPaymentLink"/>
  <testcase name="POSTNewAddonRequestReject" time="0.092" classname="All_API_List.TC036_POST_NewAddonRequestPayment"/>
</testsuite> <!-- Add_Extra_Services(Addon)_Payment_Flow_With_Card_Detail_Page -->
