<?xml version="1.0" encoding="UTF-8"?>
<!-- Generated by org.testng.reporters.JUnitXMLReporter -->
<testsuite hostname="DESKTOP-OP8NEPT" ignored="0" name="Add_Custom_Addon_And_Delete_Flow" tests="2" failures="0" timestamp="2022-02-28T10:37:17 IST" time="0.566" errors="0">
  <testcase name="POSTAddCustomAddon" time="0.54" classname="Custom_Addon.TC001_POST_AddCustomAddon"/>
  <testcase name="POSTDeleteCustomAddon_BeforeSubmitChecklistAddon" time="0.022" classname="Custom_Addon.TC002_POST_DeleteCustomAddon_BeforeSubmitChecklistAddon"/>
</testsuite> <!-- Add_Custom_Addon_And_Delete_Flow -->
