<?xml version="1.0" encoding="UTF-8"?>
<!-- Generated by org.testng.reporters.JUnitXMLReporter -->
<testsuite hostname="DESKTOP-OP8NEPT" ignored="0" name="Check_In_Start_MarkChecklist_Finished_Flow" tests="9" failures="0" timestamp="2022-02-28T10:37:15 IST" time="10.439" errors="0">
  <testcase name="POSTOrderListPartnerSide" time="0.044" classname="All_API_List.TC022_POST_OrderList_PartnerSide"/>
  <testcase name="POSTOrderDetails_PartnerSide" time="0.063" classname="All_API_List.TC023_POST_OrderDetails_PartnerSide"/>
  <testcase name="POSTOrderHistoryPartnerSide" time="0.087" classname="All_API_List.TC025_POST_OrderHistory_PartnerSide"/>
  <testcase name="POSTJobDetailsPartnerSide" time="0.141" classname="All_API_List.TC024_POST_JobDetails_PartnerSide"/>
  <testcase name="POSTChangeOrderStatus_CHECKIN" time="2.395" classname="All_API_List.TC037_POST_ChangeOrderStatus_CHECKIN"/>
  <testcase name="POSTChangeOrderStatus_START" time="0.437" classname="All_API_List.TC037_POST_ChangeOrderStatus_START"/>
  <testcase name="POSTMarkChecklistAddonsCompleted" time="0.151" classname="All_API_List.TC038_POST_MarkChecklistAddonsCompleted"/>
  <testcase name="POSTEmpORManagerOutOfRanges" time="0.058" classname="All_API_List.TC055_POST_EmpORManagerOutOfRange"/>
  <testcase name="POSTChangeOrderStatus_FINISHED" time="7.037" classname="All_API_List.TC037_POST_ChangeOrderStatus_FINISHED"/>
</testsuite> <!-- Check_In_Start_MarkChecklist_Finished_Flow -->
