<?xml version="1.0" encoding="UTF-8"?>
<!-- Generated by org.testng.reporters.JUnitXMLReporter -->
<testsuite hostname="DESKTOP-OP8NEPT" ignored="0" name="Custom_Addon_Add_And_Submit_Price_And_Accept_Order_Flow" tests="19" failures="0" timestamp="2022-02-28T10:37:26 IST" time="8.382" errors="0">
  <testcase name="POSTListHomeDetailsForEventOrder" time="0.026" classname="Event_API_List.TC005_POST_ListHomeDetailsForEventOrder"/>
  <testcase name="POSTAvailableProvider" time="0.065" classname="Event_API_List.TC007_POST_AvailableProvider"/>
  <testcase name="POSTGetHomeDetailsForEventOrder" time="0.03" classname="Event_API_List.TC004_POST_GetHomeDetailsForEventOrder"/>
  <testcase name="GETHomeDetailsKeys" time="0.54" classname="All_API_List.TC012_GET_HomeDetailsKeys"/>
  <testcase name="POSTServiceRequest" time="0.518" classname="All_API_List.TC013_POST_ServiceRequest"/>
  <testcase name="POSTChecklistAddonList" time="4.735" classname="All_API_List.TC014_POST_ChecklistAddonList"/>
  <testcase name="POSTAddCustomAddon" time="0.366" classname="Custom_Addon.TC001_POST_AddCustomAddon"/>
  <testcase name="POSTChecklistAddonSubmit_SendCustomAddonRequest" time="0.888" classname="Custom_Addon.TC003_POST_ChecklistAddonSubmit_SendCustomAddonRequest"/>
  <testcase name="POSTCustomOrderListPartnerSide" time="0.056" classname="Custom_Addon.TC013_POST_CustomOrderList_PartnerSide"/>
  <testcase name="POSTOrderDetails_PartnerSide" time="0.071" classname="All_API_List.TC023_POST_OrderDetails_PartnerSide"/>
  <testcase name="POSTOrderHistoryPartnerSide" time="0.057" classname="All_API_List.TC025_POST_OrderHistory_PartnerSide"/>
  <testcase name="POSTGetCustomAddonDetails_ManagerSide" time="0.024" classname="Custom_Addon.TC004_POST_GetCustomAddonDetails_ManagerSide"/>
  <testcase name="POSTJobDetailsPartnerSide" time="0.146" classname="All_API_List.TC024_POST_JobDetails_PartnerSide"/>
  <testcase name="POSTSubmitPrice" time="0.04" classname="Custom_Addon.TC007_POST_SubmitPrice"/>
  <testcase name="POSTProviderAcceptOrder" time="0.139" classname="All_API_List.TC027_POST_ProviderAcceptOrder"/>
  <testcase name="POSTCustomOrderListCustomerSide" time="0.073" classname="Custom_Addon.TC014_POST_CustomOrderList_CustomerSide"/>
  <testcase name="POSTOrderDetailsCustomerSide" time="0.104" classname="All_API_List.TC023_POST_OrderDetails_CustomerSide"/>
  <testcase name="POSTOrderHistoryCustomerSide" time="0.081" classname="All_API_List.TC025_POST_OrderHistory_CustomerSide"/>
  <testcase name="POSTChangeOrderStatus_Simple_Order_CANCEL" time="0.372" classname="All_API_List.TC037_POST_ChangeOrderStatus_CustomAddon_CANCEL"/>
</testsuite> <!-- Custom_Addon_Add_And_Submit_Price_And_Accept_Order_Flow -->
