<?xml version="1.0" encoding="UTF-8"?>
<!-- Generated by org.testng.reporters.JUnitXMLReporter -->
<testsuite hostname="DESKTOP-OP8NEPT" ignored="0" name="Custom_Room_Flow" tests="6" failures="0" timestamp="2022-02-28T10:37:17 IST" time="1.501" errors="0">
  <testcase name="GETStandardChecklist" time="0.221" classname="Custom_Room.TC004_GET_StandardChecklist"/>
  <testcase name="POSTStandardAddonList" time="0.78" classname="Custom_Room.TC005_POST_StandardAddonList"/>
  <testcase name="POSTAddCustomRoom" time="0.37" classname="Custom_Room.TC006_POST_AddCustomRoom"/>
  <testcase name="POSTGetRoomDetails" time="0.025" classname="Custom_Room.TC009_POST_GetRoomDetails"/>
  <testcase name="POSTEditCustomRoom" time="0.039" classname="Custom_Room.TC007_POST_EditCustomRoom"/>
  <testcase name="POSTDeleteCustomRoom" time="0.05" classname="Custom_Room.TC008_POST_DeleteCustomRoom"/>
</testsuite> <!-- Custom_Room_Flow -->
