<?xml version="1.0" encoding="UTF-8"?>
<!-- Generated by org.testng.reporters.JUnitXMLReporter -->
<testsuite hostname="DESKTOP-OP8NEPT" ignored="0" name="Login_Customer_Partner_Employee_APIs" tests="3" failures="0" timestamp="2022-02-28T10:36:33 IST" time="5.27" errors="0">
  <testcase name="POSTLoginCustomerSuccess" time="4.614" classname="All_API_List.TC001_POST_Login_Customer_Success"/>
  <testcase name="POSTLoginPartnerSuccess" time="0.426" classname="All_API_List.TC002_POST_Login_Partner_Success"/>
  <testcase name="POSTLoginEmployeeSuccess" time="0.14" classname="All_API_List.TC003_POST_Login_Employee_Success"/>
</testsuite> <!-- Login_Customer_Partner_Employee_APIs -->
