<?xml version="1.0" encoding="UTF-8"?>
<!-- Generated by org.testng.reporters.JUnitXMLReporter -->
<testsuite hostname="DESKTOP-OP8NEPT" ignored="0" name="Simple_Order_Accept_PartnerSide_Flow_APIs" tests="7" failures="0" timestamp="2022-02-28T10:36:52 IST" time="2.556" errors="0">
  <testcase name="GETMetadata" time="0.437" classname="All_API_List.TC004_GET_Metadata"/>
  <testcase name="POSTOrderListPartnerSide" time="0.066" classname="All_API_List.TC022_POST_OrderList_PartnerSide"/>
  <testcase name="POSTOrderDetails_PartnerSide" time="0.962" classname="All_API_List.TC023_POST_OrderDetails_PartnerSide"/>
  <testcase name="POSTOrderHistoryPartnerSide" time="0.498" classname="All_API_List.TC025_POST_OrderHistory_PartnerSide"/>
  <testcase name="POSTGetCustomAddonDetails_ManagerSide" time="0.251" classname="Custom_Addon.TC004_POST_GetCustomAddonDetails_ManagerSide"/>
  <testcase name="POSTJobDetailsPartnerSide" time="0.181" classname="All_API_List.TC024_POST_JobDetails_PartnerSide"/>
  <testcase name="POSTProviderAcceptOrder" time="0.136" classname="All_API_List.TC027_POST_ProviderAcceptOrder"/>
</testsuite> <!-- Simple_Order_Accept_PartnerSide_Flow_APIs -->
