<?xml version="1.0" encoding="UTF-8"?>
<!-- Generated by org.testng.reporters.JUnitXMLReporter -->
<testsuite hostname="DESKTOP-OP8NEPT" ignored="0" name="Simple_Order_Place_CustomerSide_Flow_APIs" tests="9" failures="0" timestamp="2022-02-28T10:36:49 IST" time="16.395" errors="0">
  <testcase name="GETMetadata" time="0.403" classname="All_API_List.TC004_GET_Metadata"/>
  <testcase name="GETNotificationCount" time="0.062" classname="All_API_List.TC009_GET_NotificationCount"/>
  <testcase name="POSTListHomeDetailsForEventOrder" time="0.057" classname="Event_API_List.TC005_POST_ListHomeDetailsForEventOrder"/>
  <testcase name="POSTAvailableProviders" time="0.295" classname="All_API_List.TC011_POST_AvailableProviders"/>
  <testcase name="POSTGetHomeDetailsForEventOrder" time="0.08" classname="Event_API_List.TC004_POST_GetHomeDetailsForEventOrder"/>
  <testcase name="GETHomeDetailsKeys" time="1.04" classname="All_API_List.TC012_GET_HomeDetailsKeys"/>
  <testcase name="POSTServiceRequest" time="0.655" classname="All_API_List.TC013_POST_ServiceRequest"/>
  <testcase name="POSTChecklistAddonList" time="5.839" classname="All_API_List.TC014_POST_ChecklistAddonList"/>
  <testcase name="POSTChecklistSubmit" time="7.909" classname="All_API_List.TC018_POST_ChecklistSubmit"/>
</testsuite> <!-- Simple_Order_Place_CustomerSide_Flow_APIs -->
