<?xml version="1.0" encoding="UTF-8"?>
<!-- Generated by org.testng.reporters.JUnitXMLReporter -->
<testsuite hostname="DESKTOP-OP8NEPT" ignored="0" name="Simple_Order_Payment_CustomerSide_Flow_APIs" tests="7" failures="1" timestamp="2022-02-28T10:36:56 IST" time="4.304" errors="0">
  <testcase name="GETNotificationCount" time="0.068" classname="All_API_List.TC009_GET_NotificationCount"/>
  <testcase name="POSTOrderListCustomerSide" time="0.075" classname="All_API_List.TC022_POST_OrderList_CustomerSide"/>
  <testcase name="POSTOrderDetailsCustomerSide" time="0.149" classname="All_API_List.TC023_POST_OrderDetails_CustomerSide"/>
  <testcase name="POSTOrderHistoryCustomerSide" time="0.073" classname="All_API_List.TC025_POST_OrderHistory_CustomerSide"/>
  <testcase name="POSTProvidersListAcceptedOrder" time="1.206" classname="All_API_List.TC026_POST_ProvidersListAcceptedOrder"/>
  <testcase name="POSTJobDetailsCustomerSide" time="0.179" classname="All_API_List.TC024_POST_JobDetails_CustomerSide"/>
  <testcase name="POSTGeneratePaymentLink" time="2.505" classname="All_API_List.TC052_POST_GeneratePaymentLink">
    <failure type="java.lang.AssertionError" message="expected [200] but found [400]">
      <![CDATA[java.lang.AssertionError: expected [200] but found [400]
at All_API_List.TC052_POST_GeneratePaymentLink.POSTGeneratePaymentLink(TC052_POST_GeneratePaymentLink.java:47)
at java.util.ArrayList.forEach(ArrayList.java:1259)
at com.intellij.rt.testng.IDEARemoteTestNG.run(IDEARemoteTestNG.java:66)
at com.intellij.rt.testng.RemoteTestNGStarter.main(RemoteTestNGStarter.java:109)
... Removed 30 stack frames]]>
    </failure>
  </testcase> <!-- POSTGeneratePaymentLink -->
</testsuite> <!-- Simple_Order_Payment_CustomerSide_Flow_APIs -->
